<?xml version="1.0" encoding="UTF-8"?>
<coverage generated="1758238169472" clover="3.2.0">
  <project timestamp="1758238169472" name="All files">
    <metrics statements="258" coveredstatements="251" conditionals="39" coveredconditionals="38" methods="109" coveredmethods="104" elements="406" coveredelements="393" complexity="0" loc="258" ncloc="258" packages="10" files="30" classes="30"/>
    <package name="api">
      <metrics statements="14" coveredstatements="14" conditionals="0" coveredconditionals="0" methods="8" coveredmethods="8"/>
      <file name="addTask.ts" path="C:\Users\pasab\Desktop\work\to-do-list\src\api\addTask.ts">
        <metrics statements="3" coveredstatements="3" conditionals="0" coveredconditionals="0" methods="2" coveredmethods="2"/>
        <line num="3" count="4" type="stmt"/>
        <line num="4" count="1" type="stmt"/>
        <line num="11" count="1" type="stmt"/>
      </file>
      <file name="deleteTask.ts" path="C:\Users\pasab\Desktop\work\to-do-list\src\api\deleteTask.ts">
        <metrics statements="4" coveredstatements="4" conditionals="0" coveredconditionals="0" methods="2" coveredmethods="2"/>
        <line num="8" count="4" type="stmt"/>
        <line num="9" count="1" type="stmt"/>
        <line num="11" count="1" type="stmt"/>
        <line num="13" count="1" type="stmt"/>
      </file>
      <file name="getTasks.ts" path="C:\Users\pasab\Desktop\work\to-do-list\src\api\getTasks.ts">
        <metrics statements="4" coveredstatements="4" conditionals="0" coveredconditionals="0" methods="2" coveredmethods="2"/>
        <line num="10" count="4" type="stmt"/>
        <line num="11" count="1" type="stmt"/>
        <line num="12" count="1" type="stmt"/>
        <line num="15" count="1" type="stmt"/>
      </file>
      <file name="updateTask.ts" path="C:\Users\pasab\Desktop\work\to-do-list\src\api\updateTask.ts">
        <metrics statements="3" coveredstatements="3" conditionals="0" coveredconditionals="0" methods="2" coveredmethods="2"/>
        <line num="9" count="4" type="stmt"/>
        <line num="14" count="1" type="stmt"/>
        <line num="21" count="1" type="stmt"/>
      </file>
    </package>
    <package name="components">
      <metrics statements="54" coveredstatements="52" conditionals="6" coveredconditionals="6" methods="22" coveredmethods="20"/>
      <file name="Icon.tsx" path="C:\Users\pasab\Desktop\work\to-do-list\src\components\Icon.tsx">
        <metrics statements="13" coveredstatements="11" conditionals="0" coveredconditionals="0" methods="10" coveredmethods="8"/>
        <line num="9" count="3" type="stmt"/>
        <line num="11" count="21" type="stmt"/>
        <line num="33" count="20" type="stmt"/>
        <line num="50" count="7" type="stmt"/>
        <line num="66" count="8" type="stmt"/>
        <line num="83" count="2" type="stmt"/>
        <line num="99" count="8" type="stmt"/>
        <line num="115" count="0" type="stmt"/>
        <line num="132" count="10" type="stmt"/>
        <line num="149" count="0" type="stmt"/>
        <line num="166" count="3" type="stmt"/>
        <line num="167" count="76" type="stmt"/>
        <line num="169" count="76" type="stmt"/>
      </file>
      <file name="List.tsx" path="C:\Users\pasab\Desktop\work\to-do-list\src\components\List.tsx">
        <metrics statements="9" coveredstatements="9" conditionals="0" coveredconditionals="0" methods="3" coveredmethods="3"/>
        <line num="1" count="1" type="stmt"/>
        <line num="3" count="1" type="stmt"/>
        <line num="4" count="1" type="stmt"/>
        <line num="5" count="1" type="stmt"/>
        <line num="7" count="1" type="stmt"/>
        <line num="8" count="54" type="stmt"/>
        <line num="9" count="27" type="stmt"/>
        <line num="11" count="27" type="stmt"/>
        <line num="14" count="26" type="stmt"/>
      </file>
      <file name="Loader.tsx" path="C:\Users\pasab\Desktop\work\to-do-list\src\components\Loader.tsx">
        <metrics statements="5" coveredstatements="5" conditionals="0" coveredconditionals="0" methods="1" coveredmethods="1"/>
        <line num="3" count="2" type="stmt"/>
        <line num="4" count="2" type="stmt"/>
        <line num="5" count="2" type="stmt"/>
        <line num="7" count="2" type="stmt"/>
        <line num="8" count="7" type="stmt"/>
      </file>
      <file name="ModalAddTask.tsx" path="C:\Users\pasab\Desktop\work\to-do-list\src\components\ModalAddTask.tsx">
        <metrics statements="17" coveredstatements="17" conditionals="4" coveredconditionals="4" methods="5" coveredmethods="5"/>
        <line num="1" count="1" type="stmt"/>
        <line num="3" count="1" type="stmt"/>
        <line num="4" count="1" type="stmt"/>
        <line num="5" count="1" type="stmt"/>
        <line num="6" count="1" type="stmt"/>
        <line num="7" count="1" type="stmt"/>
        <line num="8" count="1" type="stmt"/>
        <line num="9" count="1" type="stmt"/>
        <line num="10" count="1" type="stmt"/>
        <line num="12" count="1" type="stmt"/>
        <line num="13" count="58" type="stmt"/>
        <line num="14" count="50" type="stmt"/>
        <line num="15" count="50" type="stmt"/>
        <line num="17" count="50" type="stmt"/>
        <line num="23" count="44" type="stmt"/>
        <line num="29" count="1" type="stmt"/>
        <line num="40" count="2" type="stmt"/>
      </file>
      <file name="NewTask.tsx" path="C:\Users\pasab\Desktop\work\to-do-list\src\components\NewTask.tsx">
        <metrics statements="10" coveredstatements="10" conditionals="2" coveredconditionals="2" methods="3" coveredmethods="3"/>
        <line num="3" count="1" type="stmt"/>
        <line num="4" count="1" type="stmt"/>
        <line num="5" count="1" type="stmt"/>
        <line num="6" count="1" type="stmt"/>
        <line num="8" count="1" type="stmt"/>
        <line num="9" count="8" type="stmt"/>
        <line num="10" count="8" type="stmt"/>
        <line num="11" count="19" type="stmt"/>
        <line num="14" count="8" type="stmt"/>
        <line num="16" count="3" type="stmt"/>
      </file>
    </package>
    <package name="components.Task">
      <metrics statements="65" coveredstatements="65" conditionals="20" coveredconditionals="20" methods="18" coveredmethods="18"/>
      <file name="Cancel.tsx" path="C:\Users\pasab\Desktop\work\to-do-list\src\components\Task\Cancel.tsx">
        <metrics statements="3" coveredstatements="3" conditionals="0" coveredconditionals="0" methods="1" coveredmethods="1"/>
        <line num="3" count="1" type="stmt"/>
        <line num="5" count="1" type="stmt"/>
        <line num="6" count="10" type="stmt"/>
      </file>
      <file name="Check.tsx" path="C:\Users\pasab\Desktop\work\to-do-list\src\components\Task\Check.tsx">
        <metrics statements="3" coveredstatements="3" conditionals="0" coveredconditionals="0" methods="1" coveredmethods="1"/>
        <line num="3" count="1" type="stmt"/>
        <line num="5" count="1" type="stmt"/>
        <line num="6" count="8" type="stmt"/>
      </file>
      <file name="EditTask.tsx" path="C:\Users\pasab\Desktop\work\to-do-list\src\components\Task\EditTask.tsx">
        <metrics statements="9" coveredstatements="9" conditionals="2" coveredconditionals="2" methods="3" coveredmethods="3"/>
        <line num="1" count="1" type="stmt"/>
        <line num="3" count="1" type="stmt"/>
        <line num="5" count="1" type="stmt"/>
        <line num="13" count="1" type="stmt"/>
        <line num="14" count="36" type="stmt"/>
        <line num="16" count="36" type="stmt"/>
        <line num="17" count="6" type="stmt"/>
        <line num="20" count="36" type="stmt"/>
        <line num="28" count="26" type="stmt"/>
      </file>
      <file name="Pencil.tsx" path="C:\Users\pasab\Desktop\work\to-do-list\src\components\Task\Pencil.tsx">
        <metrics statements="3" coveredstatements="3" conditionals="0" coveredconditionals="0" methods="1" coveredmethods="1"/>
        <line num="3" count="1" type="stmt"/>
        <line num="5" count="1" type="stmt"/>
        <line num="6" count="20" type="stmt"/>
      </file>
      <file name="Task.tsx" path="C:\Users\pasab\Desktop\work\to-do-list\src\components\Task\Task.tsx">
        <metrics statements="28" coveredstatements="28" conditionals="12" coveredconditionals="12" methods="7" coveredmethods="7"/>
        <line num="1" count="1" type="stmt"/>
        <line num="10" count="1" type="stmt"/>
        <line num="11" count="1" type="stmt"/>
        <line num="12" count="1" type="stmt"/>
        <line num="14" count="1" type="stmt"/>
        <line num="15" count="1" type="stmt"/>
        <line num="16" count="1" type="stmt"/>
        <line num="17" count="1" type="stmt"/>
        <line num="18" count="1" type="stmt"/>
        <line num="19" count="1" type="stmt"/>
        <line num="20" count="1" type="stmt"/>
        <line num="21" count="1" type="stmt"/>
        <line num="29" count="1" type="stmt"/>
        <line num="30" count="35" type="stmt"/>
        <line num="31" count="35" type="stmt"/>
        <line num="32" count="35" type="stmt"/>
        <line num="33" count="63" type="stmt"/>
        <line num="36" count="35" type="stmt"/>
        <line num="37" count="4" type="cond" truecount="2" falsecount="0"/>
        <line num="38" count="3" type="stmt"/>
        <line num="44" count="3" type="stmt"/>
        <line num="46" count="1" type="stmt"/>
        <line num="50" count="35" type="stmt"/>
        <line num="53" count="2" type="cond" truecount="2" falsecount="0"/>
        <line num="54" count="1" type="stmt"/>
        <line num="60" count="35" type="stmt"/>
        <line num="84" count="1" type="stmt"/>
        <line num="94" count="6" type="stmt"/>
      </file>
      <file name="TaskCheckbox.tsx" path="C:\Users\pasab\Desktop\work\to-do-list\src\components\Task\TaskCheckbox.tsx">
        <metrics statements="12" coveredstatements="12" conditionals="6" coveredconditionals="6" methods="3" coveredmethods="3"/>
        <line num="3" count="1" type="stmt"/>
        <line num="4" count="1" type="stmt"/>
        <line num="5" count="1" type="stmt"/>
        <line num="7" count="1" type="stmt"/>
        <line num="8" count="1" type="stmt"/>
        <line num="9" count="1" type="stmt"/>
        <line num="15" count="1" type="stmt"/>
        <line num="16" count="24" type="stmt"/>
        <line num="17" count="24" type="stmt"/>
        <line num="18" count="51" type="stmt"/>
        <line num="21" count="24" type="stmt"/>
        <line num="26" count="3" type="stmt"/>
      </file>
      <file name="Trash.tsx" path="C:\Users\pasab\Desktop\work\to-do-list\src\components\Task\Trash.tsx">
        <metrics statements="7" coveredstatements="7" conditionals="0" coveredconditionals="0" methods="2" coveredmethods="2"/>
        <line num="3" count="2" type="stmt"/>
        <line num="4" count="2" type="stmt"/>
        <line num="6" count="2" type="stmt"/>
        <line num="12" count="2" type="stmt"/>
        <line num="13" count="21" type="stmt"/>
        <line num="15" count="21" type="stmt"/>
        <line num="16" count="3" type="stmt"/>
      </file>
    </package>
    <package name="components.uikit">
      <metrics statements="21" coveredstatements="21" conditionals="6" coveredconditionals="6" methods="5" coveredmethods="5"/>
      <file name="AddButton.tsx" path="C:\Users\pasab\Desktop\work\to-do-list\src\components\uikit\AddButton.tsx">
        <metrics statements="5" coveredstatements="5" conditionals="0" coveredconditionals="0" methods="1" coveredmethods="1"/>
        <line num="3" count="1" type="stmt"/>
        <line num="4" count="1" type="stmt"/>
        <line num="5" count="1" type="stmt"/>
        <line num="7" count="1" type="stmt"/>
        <line num="11" count="8" type="stmt"/>
      </file>
      <file name="Button.tsx" path="C:\Users\pasab\Desktop\work\to-do-list\src\components\uikit\Button.tsx">
        <metrics statements="4" coveredstatements="4" conditionals="2" coveredconditionals="2" methods="1" coveredmethods="1"/>
        <line num="3" count="1" type="stmt"/>
        <line num="4" count="1" type="stmt"/>
        <line num="11" count="1" type="stmt"/>
        <line num="18" count="100" type="stmt"/>
      </file>
      <file name="Checkbox.tsx" path="C:\Users\pasab\Desktop\work\to-do-list\src\components\uikit\Checkbox.tsx">
        <metrics statements="5" coveredstatements="5" conditionals="4" coveredconditionals="4" methods="1" coveredmethods="1"/>
        <line num="3" count="1" type="stmt"/>
        <line num="4" count="1" type="stmt"/>
        <line num="5" count="1" type="stmt"/>
        <line num="11" count="1" type="stmt"/>
        <line num="12" count="19" type="stmt"/>
      </file>
      <file name="Input.tsx" path="C:\Users\pasab\Desktop\work\to-do-list\src\components\uikit\Input.tsx">
        <metrics statements="4" coveredstatements="4" conditionals="0" coveredconditionals="0" methods="1" coveredmethods="1"/>
        <line num="3" count="1" type="stmt"/>
        <line num="4" count="1" type="stmt"/>
        <line num="6" count="1" type="stmt"/>
        <line num="7" count="50" type="stmt"/>
      </file>
      <file name="Modal.tsx" path="C:\Users\pasab\Desktop\work\to-do-list\src\components\uikit\Modal.tsx">
        <metrics statements="3" coveredstatements="3" conditionals="0" coveredconditionals="0" methods="1" coveredmethods="1"/>
        <line num="3" count="1" type="stmt"/>
        <line num="10" count="1" type="stmt"/>
        <line num="11" count="50" type="stmt"/>
      </file>
    </package>
    <package name="helpers">
      <metrics statements="2" coveredstatements="2" conditionals="0" coveredconditionals="0" methods="1" coveredmethods="1"/>
      <file name="classNames.ts" path="C:\Users\pasab\Desktop\work\to-do-list\src\helpers\classNames.ts">
        <metrics statements="2" coveredstatements="2" conditionals="0" coveredconditionals="0" methods="1" coveredmethods="1"/>
        <line num="1" count="3" type="stmt"/>
        <line num="4" count="282" type="stmt"/>
      </file>
    </package>
    <package name="hooks">
      <metrics statements="8" coveredstatements="8" conditionals="2" coveredconditionals="2" methods="4" coveredmethods="4"/>
      <file name="useKeyboard.ts" path="C:\Users\pasab\Desktop\work\to-do-list\src\hooks\useKeyboard.ts">
        <metrics statements="8" coveredstatements="8" conditionals="2" coveredconditionals="2" methods="4" coveredmethods="4"/>
        <line num="1" count="1" type="stmt"/>
        <line num="3" count="1" type="stmt"/>
        <line num="8" count="35" type="stmt"/>
        <line num="9" count="32" type="stmt"/>
        <line num="10" count="28" type="cond" truecount="2" falsecount="0"/>
        <line num="11" count="2" type="stmt"/>
        <line num="15" count="32" type="stmt"/>
        <line num="16" count="32" type="stmt"/>
      </file>
    </package>
    <package name="redux">
      <metrics statements="8" coveredstatements="8" conditionals="0" coveredconditionals="0" methods="2" coveredmethods="2"/>
      <file name="store.ts" path="C:\Users\pasab\Desktop\work\to-do-list\src\redux\store.ts">
        <metrics statements="8" coveredstatements="8" conditionals="0" coveredconditionals="0" methods="2" coveredmethods="2"/>
        <line num="1" count="3" type="stmt"/>
        <line num="2" count="3" type="stmt"/>
        <line num="7" count="3" type="stmt"/>
        <line num="9" count="3" type="stmt"/>
        <line num="13" count="3" type="stmt"/>
        <line num="17" count="137" type="stmt"/>
        <line num="19" count="3" type="stmt"/>
        <line num="20" count="144" type="stmt"/>
      </file>
    </package>
    <package name="redux.slices">
      <metrics statements="42" coveredstatements="37" conditionals="2" coveredconditionals="1" methods="19" coveredmethods="16"/>
      <file name="thunks.ts" path="C:\Users\pasab\Desktop\work\to-do-list\src\redux\slices\thunks.ts">
        <metrics statements="9" coveredstatements="9" conditionals="0" coveredconditionals="0" methods="0" coveredmethods="0"/>
        <line num="1" count="3" type="stmt"/>
        <line num="3" count="3" type="stmt"/>
        <line num="4" count="3" type="stmt"/>
        <line num="5" count="3" type="stmt"/>
        <line num="6" count="3" type="stmt"/>
        <line num="8" count="3" type="stmt"/>
        <line num="10" count="3" type="stmt"/>
        <line num="12" count="3" type="stmt"/>
        <line num="14" count="3" type="stmt"/>
      </file>
      <file name="toDoSlice.ts" path="C:\Users\pasab\Desktop\work\to-do-list\src\redux\slices\toDoSlice.ts">
        <metrics statements="33" coveredstatements="28" conditionals="2" coveredconditionals="1" methods="19" coveredmethods="16"/>
        <line num="1" count="3" type="stmt"/>
        <line num="4" count="3" type="stmt"/>
        <line num="20" count="3" type="stmt"/>
        <line num="34" count="3" type="stmt"/>
        <line num="39" count="4" type="stmt"/>
        <line num="43" count="3" type="stmt"/>
        <line num="45" count="0" type="stmt"/>
        <line num="46" count="0" type="stmt"/>
        <line num="49" count="0" type="stmt"/>
        <line num="52" count="0" type="stmt"/>
        <line num="53" count="0" type="stmt"/>
        <line num="56" count="4" type="stmt"/>
        <line num="57" count="4" type="stmt"/>
        <line num="60" count="4" type="cond" truecount="1" falsecount="1"/>
        <line num="61" count="4" type="stmt"/>
        <line num="62" count="4" type="stmt"/>
        <line num="64" count="4" type="stmt"/>
        <line num="65" count="4" type="stmt"/>
        <line num="69" count="6" type="stmt"/>
        <line num="72" count="2" type="stmt"/>
        <line num="73" count="2" type="stmt"/>
        <line num="77" count="1" type="stmt"/>
        <line num="78" count="1" type="stmt"/>
        <line num="82" count="2" type="stmt"/>
        <line num="85" count="1" type="stmt"/>
        <line num="86" count="1" type="stmt"/>
        <line num="90" count="1" type="stmt"/>
        <line num="91" count="1" type="stmt"/>
        <line num="92" count="1" type="stmt"/>
        <line num="95" count="2" type="stmt"/>
        <line num="98" count="1" type="stmt"/>
        <line num="103" count="3" type="stmt"/>
        <line num="105" count="3" type="stmt"/>
      </file>
    </package>
    <package name="test-support">
      <metrics statements="14" coveredstatements="14" conditionals="3" coveredconditionals="3" methods="4" coveredmethods="4"/>
      <file name="getAllProviders.tsx" path="C:\Users\pasab\Desktop\work\to-do-list\src\test-support\getAllProviders.tsx">
        <metrics statements="9" coveredstatements="9" conditionals="0" coveredconditionals="0" methods="3" coveredmethods="3"/>
        <line num="1" count="2" type="stmt"/>
        <line num="3" count="2" type="stmt"/>
        <line num="5" count="2" type="stmt"/>
        <line num="11" count="2" type="stmt"/>
        <line num="12" count="15" type="stmt"/>
        <line num="18" count="2" type="stmt"/>
        <line num="21" count="15" type="stmt"/>
        <line num="23" count="15" type="stmt"/>
        <line num="24" count="15" type="stmt"/>
      </file>
      <file name="test-utils.ts" path="C:\Users\pasab\Desktop\work\to-do-list\src\test-support\test-utils.ts">
        <metrics statements="5" coveredstatements="5" conditionals="3" coveredconditionals="3" methods="1" coveredmethods="1"/>
        <line num="1" count="2" type="stmt"/>
        <line num="5" count="2" type="stmt"/>
        <line num="11" count="2" type="cond" truecount="1" falsecount="0"/>
        <line num="12" count="15" type="stmt"/>
        <line num="16" count="2" type="stmt"/>
      </file>
    </package>
    <package name="test-support.page-objects">
      <metrics statements="30" coveredstatements="30" conditionals="0" coveredconditionals="0" methods="26" coveredmethods="26"/>
      <file name="new.task.ts" path="C:\Users\pasab\Desktop\work\to-do-list\src\test-support\page-objects\new.task.ts">
        <metrics statements="12" coveredstatements="12" conditionals="0" coveredconditionals="0" methods="10" coveredmethods="10"/>
        <line num="2" count="1" type="stmt"/>
        <line num="4" count="1" type="stmt"/>
        <line num="6" count="3" type="stmt"/>
        <line num="11" count="3" type="stmt"/>
        <line num="15" count="2" type="stmt"/>
        <line num="19" count="2" type="stmt"/>
        <line num="25" count="1" type="stmt"/>
        <line num="31" count="3" type="stmt"/>
        <line num="35" count="2" type="stmt"/>
        <line num="39" count="2" type="stmt"/>
        <line num="43" count="1" type="stmt"/>
        <line num="46" count="3" type="stmt"/>
      </file>
      <file name="task.ts" path="C:\Users\pasab\Desktop\work\to-do-list\src\test-support\page-objects\task.ts">
        <metrics statements="18" coveredstatements="18" conditionals="0" coveredconditionals="0" methods="16" coveredmethods="16"/>
        <line num="1" count="1" type="stmt"/>
        <line num="5" count="1" type="stmt"/>
        <line num="7" count="2" type="stmt"/>
        <line num="11" count="1" type="stmt"/>
        <line num="15" count="2" type="stmt"/>
        <line num="19" count="8" type="stmt"/>
        <line num="23" count="3" type="stmt"/>
        <line num="27" count="1" type="stmt"/>
        <line num="31" count="2" type="stmt"/>
        <line num="35" count="1" type="stmt"/>
        <line num="39" count="3" type="stmt"/>
        <line num="43" count="6" type="stmt"/>
        <line num="47" count="3" type="stmt"/>
        <line num="51" count="4" type="stmt"/>
        <line num="55" count="1" type="stmt"/>
        <line num="59" count="2" type="stmt"/>
        <line num="63" count="2" type="stmt"/>
        <line num="66" count="12" type="stmt"/>
      </file>
    </package>
  </project>
</coverage>
