{"C:\\Users\\pasab\\Desktop\\work\\to-do-list\\src\\api\\addTask.ts": {"path":"C:\\Users\\pasab\\Desktop\\work\\to-do-list\\src\\api\\addTask.ts","statementMap":{"0":{"start":{"line":3,"column":23},"end":{"line":12,"column":1}},"1":{"start":{"line":4,"column":2},"end":{"line":11,"column":null}},"2":{"start":{"line":11,"column":19},"end":{"line":11,"column":29}},"3":{"start":{"line":3,"column":13},"end":{"line":3,"column":23}}},"fnMap":{"0":{"name":"(anonymous_0)","decl":{"start":{"line":3,"column":23},"end":{"line":3,"column":24}},"loc":{"start":{"line":3,"column":55},"end":{"line":12,"column":1}}},"1":{"name":"(anonymous_1)","decl":{"start":{"line":11,"column":10},"end":{"line":11,"column":11}},"loc":{"start":{"line":11,"column":19},"end":{"line":11,"column":29}}}},"branchMap":{},"s":{"0":4,"1":1,"2":1,"3":4},"f":{"0":1,"1":1},"b":{}}
,"C:\\Users\\pasab\\Desktop\\work\\to-do-list\\src\\api\\deleteTask.ts": {"path":"C:\\Users\\pasab\\Desktop\\work\\to-do-list\\src\\api\\deleteTask.ts","statementMap":{"0":{"start":{"line":8,"column":26},"end":{"line":14,"column":1}},"1":{"start":{"line":9,"column":18},"end":{"line":11,"column":30}},"2":{"start":{"line":11,"column":19},"end":{"line":11,"column":29}},"3":{"start":{"line":13,"column":2},"end":{"line":13,"column":null}},"4":{"start":{"line":8,"column":13},"end":{"line":8,"column":26}}},"fnMap":{"0":{"name":"(anonymous_0)","decl":{"start":{"line":8,"column":26},"end":{"line":8,"column":27}},"loc":{"start":{"line":8,"column":67},"end":{"line":14,"column":1}}},"1":{"name":"(anonymous_1)","decl":{"start":{"line":11,"column":10},"end":{"line":11,"column":11}},"loc":{"start":{"line":11,"column":19},"end":{"line":11,"column":29}}}},"branchMap":{},"s":{"0":4,"1":1,"2":1,"3":1,"4":4},"f":{"0":1,"1":1},"b":{}}
,"C:\\Users\\pasab\\Desktop\\work\\to-do-list\\src\\api\\getTasks.ts": {"path":"C:\\Users\\pasab\\Desktop\\work\\to-do-list\\src\\api\\getTasks.ts","statementMap":{"0":{"start":{"line":10,"column":24},"end":{"line":16,"column":1}},"1":{"start":{"line":11,"column":19},"end":{"line":12,"column":null}},"2":{"start":{"line":12,"column":4},"end":{"line":12,"column":14}},"3":{"start":{"line":15,"column":2},"end":{"line":15,"column":null}},"4":{"start":{"line":10,"column":13},"end":{"line":10,"column":24}}},"fnMap":{"0":{"name":"(anonymous_0)","decl":{"start":{"line":10,"column":24},"end":{"line":10,"column":54}},"loc":{"start":{"line":10,"column":56},"end":{"line":16,"column":1}}},"1":{"name":"(anonymous_1)","decl":{"start":{"line":11,"column":61},"end":{"line":11,"column":62}},"loc":{"start":{"line":12,"column":4},"end":{"line":12,"column":14}}}},"branchMap":{},"s":{"0":4,"1":1,"2":1,"3":1,"4":4},"f":{"0":1,"1":1},"b":{}}
,"C:\\Users\\pasab\\Desktop\\work\\to-do-list\\src\\api\\updateTask.ts": {"path":"C:\\Users\\pasab\\Desktop\\work\\to-do-list\\src\\api\\updateTask.ts","statementMap":{"0":{"start":{"line":9,"column":26},"end":{"line":22,"column":1}},"1":{"start":{"line":14,"column":2},"end":{"line":21,"column":null}},"2":{"start":{"line":21,"column":19},"end":{"line":21,"column":29}},"3":{"start":{"line":9,"column":13},"end":{"line":9,"column":26}}},"fnMap":{"0":{"name":"(anonymous_0)","decl":{"start":{"line":9,"column":26},"end":{"line":9,"column":27}},"loc":{"start":{"line":13,"column":41},"end":{"line":22,"column":1}}},"1":{"name":"(anonymous_1)","decl":{"start":{"line":21,"column":10},"end":{"line":21,"column":11}},"loc":{"start":{"line":21,"column":19},"end":{"line":21,"column":29}}}},"branchMap":{},"s":{"0":4,"1":1,"2":1,"3":4},"f":{"0":1,"1":1},"b":{}}
,"C:\\Users\\pasab\\Desktop\\work\\to-do-list\\src\\components\\Icon.tsx": {"path":"C:\\Users\\pasab\\Desktop\\work\\to-do-list\\src\\components\\Icon.tsx","statementMap":{"0":{"start":{"line":9,"column":14},"end":{"line":164,"column":null}},"1":{"start":{"line":11,"column":4},"end":{"line":29,"column":null}},"2":{"start":{"line":33,"column":4},"end":{"line":46,"column":null}},"3":{"start":{"line":50,"column":4},"end":{"line":62,"column":null}},"4":{"start":{"line":66,"column":4},"end":{"line":79,"column":null}},"5":{"start":{"line":83,"column":4},"end":{"line":95,"column":null}},"6":{"start":{"line":99,"column":4},"end":{"line":111,"column":null}},"7":{"start":{"line":115,"column":4},"end":{"line":128,"column":null}},"8":{"start":{"line":132,"column":4},"end":{"line":145,"column":null}},"9":{"start":{"line":149,"column":4},"end":{"line":161,"column":null}},"10":{"start":{"line":166,"column":31},"end":{"line":170,"column":1}},"11":{"start":{"line":167,"column":20},"end":{"line":167,"column":31}},"12":{"start":{"line":169,"column":2},"end":{"line":169,"column":null}},"13":{"start":{"line":166,"column":13},"end":{"line":166,"column":31}}},"fnMap":{"0":{"name":"(anonymous_0)","decl":{"start":{"line":10,"column":9},"end":{"line":10,"column":10}},"loc":{"start":{"line":11,"column":4},"end":{"line":29,"column":null}}},"1":{"name":"(anonymous_1)","decl":{"start":{"line":32,"column":10},"end":{"line":32,"column":11}},"loc":{"start":{"line":33,"column":4},"end":{"line":46,"column":null}}},"2":{"name":"(anonymous_2)","decl":{"start":{"line":49,"column":10},"end":{"line":49,"column":11}},"loc":{"start":{"line":50,"column":4},"end":{"line":62,"column":null}}},"3":{"name":"(anonymous_3)","decl":{"start":{"line":65,"column":8},"end":{"line":65,"column":9}},"loc":{"start":{"line":66,"column":4},"end":{"line":79,"column":null}}},"4":{"name":"(anonymous_4)","decl":{"start":{"line":82,"column":12},"end":{"line":82,"column":13}},"loc":{"start":{"line":83,"column":4},"end":{"line":95,"column":null}}},"5":{"name":"(anonymous_5)","decl":{"start":{"line":98,"column":9},"end":{"line":98,"column":10}},"loc":{"start":{"line":99,"column":4},"end":{"line":111,"column":null}}},"6":{"name":"(anonymous_6)","decl":{"start":{"line":114,"column":10},"end":{"line":114,"column":11}},"loc":{"start":{"line":115,"column":4},"end":{"line":128,"column":null}}},"7":{"name":"(anonymous_7)","decl":{"start":{"line":131,"column":10},"end":{"line":131,"column":11}},"loc":{"start":{"line":132,"column":4},"end":{"line":145,"column":null}}},"8":{"name":"(anonymous_8)","decl":{"start":{"line":148,"column":18},"end":{"line":148,"column":19}},"loc":{"start":{"line":149,"column":4},"end":{"line":161,"column":null}}},"9":{"name":"(anonymous_9)","decl":{"start":{"line":166,"column":31},"end":{"line":166,"column":32}},"loc":{"start":{"line":166,"column":53},"end":{"line":170,"column":1}}}},"branchMap":{},"s":{"0":3,"1":21,"2":20,"3":7,"4":8,"5":2,"6":8,"7":0,"8":10,"9":0,"10":3,"11":76,"12":76,"13":3},"f":{"0":21,"1":20,"2":7,"3":8,"4":2,"5":8,"6":0,"7":10,"8":0,"9":76},"b":{}}
,"C:\\Users\\pasab\\Desktop\\work\\to-do-list\\src\\components\\List.tsx": {"path":"C:\\Users\\pasab\\Desktop\\work\\to-do-list\\src\\components\\List.tsx","statementMap":{"0":{"start":{"line":1,"column":0},"end":{"line":1,"column":41}},"1":{"start":{"line":3,"column":0},"end":{"line":3,"column":44}},"2":{"start":{"line":4,"column":0},"end":{"line":4,"column":38}},"3":{"start":{"line":5,"column":0},"end":{"line":5,"column":34}},"4":{"start":{"line":7,"column":24},"end":{"line":26,"column":1}},"5":{"start":{"line":8,"column":16},"end":{"line":8,"column":62}},"6":{"start":{"line":8,"column":39},"end":{"line":8,"column":61}},"7":{"start":{"line":9,"column":30},"end":{"line":9,"column":59}},"8":{"start":{"line":11,"column":2},"end":{"line":25,"column":null}},"9":{"start":{"line":14,"column":8},"end":{"line":22,"column":null}},"10":{"start":{"line":7,"column":13},"end":{"line":7,"column":24}}},"fnMap":{"0":{"name":"(anonymous_1)","decl":{"start":{"line":7,"column":24},"end":{"line":7,"column":27}},"loc":{"start":{"line":7,"column":29},"end":{"line":26,"column":1}}},"1":{"name":"(anonymous_2)","decl":{"start":{"line":8,"column":28},"end":{"line":8,"column":29}},"loc":{"start":{"line":8,"column":39},"end":{"line":8,"column":61}}},"2":{"name":"(anonymous_3)","decl":{"start":{"line":13,"column":17},"end":{"line":13,"column":18}},"loc":{"start":{"line":13,"column":26},"end":{"line":23,"column":7}}}},"branchMap":{},"s":{"0":1,"1":1,"2":1,"3":1,"4":1,"5":27,"6":54,"7":27,"8":27,"9":26,"10":1},"f":{"0":27,"1":54,"2":26},"b":{}}
,"C:\\Users\\pasab\\Desktop\\work\\to-do-list\\src\\components\\Loader.tsx": {"path":"C:\\Users\\pasab\\Desktop\\work\\to-do-list\\src\\components\\Loader.tsx","statementMap":{"0":{"start":{"line":3,"column":0},"end":{"line":3,"column":50}},"1":{"start":{"line":4,"column":0},"end":{"line":4,"column":29}},"2":{"start":{"line":5,"column":0},"end":{"line":5,"column":39}},"3":{"start":{"line":7,"column":49},"end":{"line":13,"column":1}},"4":{"start":{"line":8,"column":2},"end":{"line":12,"column":null}},"5":{"start":{"line":7,"column":13},"end":{"line":7,"column":49}}},"fnMap":{"0":{"name":"(anonymous_1)","decl":{"start":{"line":7,"column":49},"end":{"line":7,"column":50}},"loc":{"start":{"line":7,"column":76},"end":{"line":13,"column":1}}}},"branchMap":{},"s":{"0":2,"1":2,"2":2,"3":2,"4":7,"5":2},"f":{"0":7},"b":{}}
,"C:\\Users\\pasab\\Desktop\\work\\to-do-list\\src\\components\\ModalAddTask.tsx": {"path":"C:\\Users\\pasab\\Desktop\\work\\to-do-list\\src\\components\\ModalAddTask.tsx","statementMap":{"0":{"start":{"line":1,"column":0},"end":{"line":1,"column":41}},"1":{"start":{"line":3,"column":0},"end":{"line":3,"column":53}},"2":{"start":{"line":4,"column":0},"end":{"line":4,"column":68}},"3":{"start":{"line":5,"column":0},"end":{"line":5,"column":57}},"4":{"start":{"line":6,"column":0},"end":{"line":6,"column":33}},"5":{"start":{"line":7,"column":0},"end":{"line":7,"column":46}},"6":{"start":{"line":8,"column":0},"end":{"line":8,"column":39}},"7":{"start":{"line":9,"column":0},"end":{"line":9,"column":37}},"8":{"start":{"line":10,"column":0},"end":{"line":10,"column":37}},"9":{"start":{"line":12,"column":32},"end":{"line":50,"column":1}},"10":{"start":{"line":13,"column":20},"end":{"line":13,"column":70}},"11":{"start":{"line":13,"column":43},"end":{"line":13,"column":69}},"12":{"start":{"line":14,"column":28},"end":{"line":14,"column":40}},"13":{"start":{"line":15,"column":19},"end":{"line":15,"column":32}},"14":{"start":{"line":17,"column":2},"end":{"line":49,"column":null}},"15":{"start":{"line":23,"column":29},"end":{"line":23,"column":57}},"16":{"start":{"line":29,"column":25},"end":{"line":29,"column":61}},"17":{"start":{"line":40,"column":12},"end":{"line":40,"column":null}},"18":{"start":{"line":12,"column":13},"end":{"line":12,"column":32}}},"fnMap":{"0":{"name":"(anonymous_1)","decl":{"start":{"line":12,"column":32},"end":{"line":12,"column":35}},"loc":{"start":{"line":12,"column":37},"end":{"line":50,"column":1}}},"1":{"name":"(anonymous_2)","decl":{"start":{"line":13,"column":32},"end":{"line":13,"column":33}},"loc":{"start":{"line":13,"column":43},"end":{"line":13,"column":69}}},"2":{"name":"(anonymous_3)","decl":{"start":{"line":23,"column":18},"end":{"line":23,"column":19}},"loc":{"start":{"line":23,"column":29},"end":{"line":23,"column":57}}},"3":{"name":"(anonymous_4)","decl":{"start":{"line":29,"column":19},"end":{"line":29,"column":22}},"loc":{"start":{"line":29,"column":25},"end":{"line":29,"column":61}}},"4":{"name":"(anonymous_5)","decl":{"start":{"line":39,"column":19},"end":{"line":39,"column":22}},"loc":{"start":{"line":39,"column":24},"end":{"line":41,"column":11}}}},"branchMap":{"0":{"loc":{"start":{"line":36,"column":20},"end":{"line":36,"column":39}},"type":"binary-expr","locations":[{"start":{"line":36,"column":20},"end":{"line":36,"column":29}},{"start":{"line":36,"column":33},"end":{"line":36,"column":39}}]},"1":{"loc":{"start":{"line":44,"column":11},"end":{"line":44,"column":66}},"type":"binary-expr","locations":[{"start":{"line":44,"column":11},"end":{"line":44,"column":20}},{"start":{"line":44,"column":24},"end":{"line":44,"column":66}}]}},"s":{"0":1,"1":1,"2":1,"3":1,"4":1,"5":1,"6":1,"7":1,"8":1,"9":1,"10":50,"11":58,"12":50,"13":50,"14":50,"15":44,"16":1,"17":2,"18":1},"f":{"0":50,"1":58,"2":44,"3":1,"4":2},"b":{"0":[50,48],"1":[50,2]}}
,"C:\\Users\\pasab\\Desktop\\work\\to-do-list\\src\\components\\NewTask.tsx": {"path":"C:\\Users\\pasab\\Desktop\\work\\to-do-list\\src\\components\\NewTask.tsx","statementMap":{"0":{"start":{"line":3,"column":0},"end":{"line":3,"column":68}},"1":{"start":{"line":4,"column":0},"end":{"line":4,"column":57}},"2":{"start":{"line":5,"column":0},"end":{"line":5,"column":45}},"3":{"start":{"line":6,"column":0},"end":{"line":6,"column":45}},"4":{"start":{"line":8,"column":27},"end":{"line":20,"column":1}},"5":{"start":{"line":9,"column":19},"end":{"line":9,"column":32}},"6":{"start":{"line":10,"column":29},"end":{"line":11,"column":null}},"7":{"start":{"line":11,"column":15},"end":{"line":11,"column":45}},"8":{"start":{"line":14,"column":2},"end":{"line":19,"column":null}},"9":{"start":{"line":16,"column":32},"end":{"line":16,"column":68}},"10":{"start":{"line":8,"column":13},"end":{"line":8,"column":27}}},"fnMap":{"0":{"name":"(anonymous_0)","decl":{"start":{"line":8,"column":27},"end":{"line":8,"column":30}},"loc":{"start":{"line":8,"column":32},"end":{"line":20,"column":1}}},"1":{"name":"(anonymous_1)","decl":{"start":{"line":11,"column":4},"end":{"line":11,"column":5}},"loc":{"start":{"line":11,"column":15},"end":{"line":11,"column":45}}},"2":{"name":"(anonymous_2)","decl":{"start":{"line":16,"column":26},"end":{"line":16,"column":29}},"loc":{"start":{"line":16,"column":32},"end":{"line":16,"column":68}}}},"branchMap":{"0":{"loc":{"start":{"line":17,"column":7},"end":{"line":17,"column":45}},"type":"binary-expr","locations":[{"start":{"line":17,"column":7},"end":{"line":17,"column":25}},{"start":{"line":17,"column":29},"end":{"line":17,"column":45}}]}},"s":{"0":1,"1":1,"2":1,"3":1,"4":1,"5":8,"6":8,"7":19,"8":8,"9":3,"10":1},"f":{"0":8,"1":19,"2":3},"b":{"0":[8,3]}}
,"C:\\Users\\pasab\\Desktop\\work\\to-do-list\\src\\components\\Task\\Cancel.tsx": {"path":"C:\\Users\\pasab\\Desktop\\work\\to-do-list\\src\\components\\Task\\Cancel.tsx","statementMap":{"0":{"start":{"line":3,"column":0},"end":{"line":3,"column":30}},"1":{"start":{"line":5,"column":52},"end":{"line":11,"column":1}},"2":{"start":{"line":6,"column":2},"end":{"line":10,"column":null}},"3":{"start":{"line":5,"column":13},"end":{"line":5,"column":52}}},"fnMap":{"0":{"name":"(anonymous_0)","decl":{"start":{"line":5,"column":52},"end":{"line":5,"column":53}},"loc":{"start":{"line":5,"column":62},"end":{"line":11,"column":1}}}},"branchMap":{},"s":{"0":1,"1":1,"2":10,"3":1},"f":{"0":10},"b":{}}
,"C:\\Users\\pasab\\Desktop\\work\\to-do-list\\src\\components\\Task\\Check.tsx": {"path":"C:\\Users\\pasab\\Desktop\\work\\to-do-list\\src\\components\\Task\\Check.tsx","statementMap":{"0":{"start":{"line":3,"column":0},"end":{"line":3,"column":30}},"1":{"start":{"line":5,"column":51},"end":{"line":11,"column":1}},"2":{"start":{"line":6,"column":2},"end":{"line":10,"column":null}},"3":{"start":{"line":5,"column":13},"end":{"line":5,"column":51}}},"fnMap":{"0":{"name":"(anonymous_0)","decl":{"start":{"line":5,"column":51},"end":{"line":5,"column":52}},"loc":{"start":{"line":5,"column":61},"end":{"line":11,"column":1}}}},"branchMap":{},"s":{"0":1,"1":1,"2":8,"3":1},"f":{"0":8},"b":{}}
,"C:\\Users\\pasab\\Desktop\\work\\to-do-list\\src\\components\\Task\\EditTask.tsx": {"path":"C:\\Users\\pasab\\Desktop\\work\\to-do-list\\src\\components\\Task\\EditTask.tsx","statementMap":{"0":{"start":{"line":1,"column":0},"end":{"line":1,"column":68}},"1":{"start":{"line":3,"column":0},"end":{"line":3,"column":53}},"2":{"start":{"line":5,"column":0},"end":{"line":5,"column":42}},"3":{"start":{"line":13,"column":35},"end":{"line":34,"column":1}},"4":{"start":{"line":14,"column":28},"end":{"line":14,"column":47}},"5":{"start":{"line":16,"column":2},"end":{"line":18,"column":null}},"6":{"start":{"line":17,"column":4},"end":{"line":17,"column":null}},"7":{"start":{"line":20,"column":2},"end":{"line":33,"column":null}},"8":{"start":{"line":28,"column":10},"end":{"line":28,"column":null}},"9":{"start":{"line":13,"column":13},"end":{"line":13,"column":35}}},"fnMap":{"0":{"name":"(anonymous_1)","decl":{"start":{"line":13,"column":35},"end":{"line":13,"column":36}},"loc":{"start":{"line":13,"column":69},"end":{"line":34,"column":1}}},"1":{"name":"(anonymous_2)","decl":{"start":{"line":16,"column":12},"end":{"line":16,"column":15}},"loc":{"start":{"line":16,"column":17},"end":{"line":18,"column":3}}},"2":{"name":"(anonymous_3)","decl":{"start":{"line":27,"column":18},"end":{"line":27,"column":19}},"loc":{"start":{"line":27,"column":28},"end":{"line":29,"column":9}}}},"branchMap":{"0":{"loc":{"start":{"line":30,"column":44},"end":{"line":30,"column":71}},"type":"binary-expr","locations":[{"start":{"line":30,"column":44},"end":{"line":30,"column":53}},{"start":{"line":30,"column":57},"end":{"line":30,"column":71}}]}},"s":{"0":1,"1":1,"2":1,"3":1,"4":36,"5":36,"6":6,"7":36,"8":26,"9":1},"f":{"0":36,"1":6,"2":26},"b":{"0":[36,2]}}
,"C:\\Users\\pasab\\Desktop\\work\\to-do-list\\src\\components\\Task\\Pencil.tsx": {"path":"C:\\Users\\pasab\\Desktop\\work\\to-do-list\\src\\components\\Task\\Pencil.tsx","statementMap":{"0":{"start":{"line":3,"column":0},"end":{"line":3,"column":30}},"1":{"start":{"line":5,"column":52},"end":{"line":11,"column":1}},"2":{"start":{"line":6,"column":2},"end":{"line":10,"column":null}},"3":{"start":{"line":5,"column":13},"end":{"line":5,"column":52}}},"fnMap":{"0":{"name":"(anonymous_0)","decl":{"start":{"line":5,"column":52},"end":{"line":5,"column":53}},"loc":{"start":{"line":5,"column":62},"end":{"line":11,"column":1}}}},"branchMap":{},"s":{"0":1,"1":1,"2":20,"3":1},"f":{"0":20},"b":{}}
,"C:\\Users\\pasab\\Desktop\\work\\to-do-list\\src\\components\\Task\\Task.tsx": {"path":"C:\\Users\\pasab\\Desktop\\work\\to-do-list\\src\\components\\Task\\Task.tsx","statementMap":{"0":{"start":{"line":1,"column":0},"end":{"line":1,"column":null}},"1":{"start":{"line":10,"column":0},"end":{"line":10,"column":53}},"2":{"start":{"line":11,"column":0},"end":{"line":11,"column":59}},"3":{"start":{"line":12,"column":0},"end":{"line":12,"column":60}},"4":{"start":{"line":14,"column":0},"end":{"line":14,"column":34}},"5":{"start":{"line":15,"column":0},"end":{"line":15,"column":33}},"6":{"start":{"line":16,"column":0},"end":{"line":16,"column":31}},"7":{"start":{"line":17,"column":0},"end":{"line":17,"column":37}},"8":{"start":{"line":18,"column":0},"end":{"line":18,"column":33}},"9":{"start":{"line":19,"column":0},"end":{"line":19,"column":38}},"10":{"start":{"line":20,"column":0},"end":{"line":20,"column":45}},"11":{"start":{"line":21,"column":0},"end":{"line":21,"column":31}},"12":{"start":{"line":29,"column":31},"end":{"line":109,"column":1}},"13":{"start":{"line":30,"column":23},"end":{"line":30,"column":60}},"14":{"start":{"line":31,"column":19},"end":{"line":31,"column":32}},"15":{"start":{"line":32,"column":20},"end":{"line":33,"column":null}},"16":{"start":{"line":33,"column":4},"end":{"line":33,"column":48}},"17":{"start":{"line":36,"column":17},"end":{"line":48,"column":33}},"18":{"start":{"line":37,"column":4},"end":{"line":47,"column":5}},"19":{"start":{"line":38,"column":6},"end":{"line":44,"column":null}},"20":{"start":{"line":44,"column":19},"end":{"line":44,"column":34}},"21":{"start":{"line":46,"column":6},"end":{"line":46,"column":null}},"22":{"start":{"line":50,"column":2},"end":{"line":58,"column":null}},"23":{"start":{"line":53,"column":6},"end":{"line":55,"column":7}},"24":{"start":{"line":54,"column":8},"end":{"line":54,"column":null}},"25":{"start":{"line":60,"column":2},"end":{"line":108,"column":null}},"26":{"start":{"line":84,"column":33},"end":{"line":84,"column":48}},"27":{"start":{"line":94,"column":20},"end":{"line":94,"column":null}},"28":{"start":{"line":29,"column":13},"end":{"line":29,"column":31}}},"fnMap":{"0":{"name":"(anonymous_1)","decl":{"start":{"line":29,"column":31},"end":{"line":29,"column":32}},"loc":{"start":{"line":29,"column":76},"end":{"line":109,"column":1}}},"1":{"name":"(anonymous_2)","decl":{"start":{"line":32,"column":32},"end":{"line":32,"column":33}},"loc":{"start":{"line":33,"column":4},"end":{"line":33,"column":48}}},"2":{"name":"(anonymous_3)","decl":{"start":{"line":36,"column":29},"end":{"line":36,"column":32}},"loc":{"start":{"line":36,"column":34},"end":{"line":48,"column":3}}},"3":{"name":"(anonymous_4)","decl":{"start":{"line":44,"column":13},"end":{"line":44,"column":16}},"loc":{"start":{"line":44,"column":19},"end":{"line":44,"column":34}}},"4":{"name":"(anonymous_5)","decl":{"start":{"line":52,"column":4},"end":{"line":52,"column":7}},"loc":{"start":{"line":52,"column":9},"end":{"line":56,"column":5}}},"5":{"name":"(anonymous_6)","decl":{"start":{"line":84,"column":27},"end":{"line":84,"column":30}},"loc":{"start":{"line":84,"column":33},"end":{"line":84,"column":48}}},"6":{"name":"(anonymous_7)","decl":{"start":{"line":93,"column":27},"end":{"line":93,"column":30}},"loc":{"start":{"line":93,"column":32},"end":{"line":95,"column":19}}}},"branchMap":{"0":{"loc":{"start":{"line":37,"column":4},"end":{"line":47,"column":5}},"type":"if","locations":[{"start":{"line":37,"column":4},"end":{"line":47,"column":5}},{"start":{"line":45,"column":11},"end":{"line":47,"column":5}}]},"1":{"loc":{"start":{"line":53,"column":6},"end":{"line":55,"column":7}},"type":"if","locations":[{"start":{"line":53,"column":6},"end":{"line":55,"column":7}},{"start":{},"end":{}}]},"2":{"loc":{"start":{"line":62,"column":7},"end":{"line":65,"column":null}},"type":"cond-expr","locations":[{"start":{"line":63,"column":8},"end":{"line":63,"column":78}},{"start":{"line":65,"column":8},"end":{"line":65,"column":36}}]},"3":{"loc":{"start":{"line":68,"column":9},"end":{"line":104,"column":null}},"type":"binary-expr","locations":[{"start":{"line":68,"column":9},"end":{"line":68,"column":24}},{"start":{"line":69,"column":10},"end":{"line":103,"column":null}}]},"4":{"loc":{"start":{"line":70,"column":13},"end":{"line":102,"column":null}},"type":"cond-expr","locations":[{"start":{"line":71,"column":14},"end":{"line":86,"column":null}},{"start":{"line":89,"column":14},"end":{"line":101,"column":null}}]},"5":{"loc":{"start":{"line":72,"column":17},"end":{"line":79,"column":null}},"type":"cond-expr","locations":[{"start":{"line":73,"column":18},"end":{"line":73,"column":59}},{"start":{"line":75,"column":18},"end":{"line":78,"column":null}}]}},"s":{"0":1,"1":1,"2":1,"3":1,"4":1,"5":1,"6":1,"7":1,"8":1,"9":1,"10":1,"11":1,"12":1,"13":35,"14":35,"15":35,"16":63,"17":35,"18":4,"19":3,"20":3,"21":1,"22":35,"23":2,"24":1,"25":35,"26":1,"27":6,"28":1},"f":{"0":35,"1":63,"2":4,"3":3,"4":2,"5":1,"6":6},"b":{"0":[3,1],"1":[1,1],"2":[11,24],"3":[35,33],"4":[11,22],"5":[2,9]}}
,"C:\\Users\\pasab\\Desktop\\work\\to-do-list\\src\\components\\Task\\TaskCheckbox.tsx": {"path":"C:\\Users\\pasab\\Desktop\\work\\to-do-list\\src\\components\\Task\\TaskCheckbox.tsx","statementMap":{"0":{"start":{"line":3,"column":0},"end":{"line":3,"column":53}},"1":{"start":{"line":4,"column":0},"end":{"line":4,"column":59}},"2":{"start":{"line":5,"column":0},"end":{"line":5,"column":60}},"3":{"start":{"line":7,"column":0},"end":{"line":7,"column":34}},"4":{"start":{"line":8,"column":0},"end":{"line":8,"column":44}},"5":{"start":{"line":9,"column":0},"end":{"line":9,"column":46}},"6":{"start":{"line":15,"column":39},"end":{"line":50,"column":1}},"7":{"start":{"line":16,"column":19},"end":{"line":16,"column":32}},"8":{"start":{"line":17,"column":20},"end":{"line":18,"column":null}},"9":{"start":{"line":18,"column":4},"end":{"line":18,"column":48}},"10":{"start":{"line":21,"column":2},"end":{"line":49,"column":null}},"11":{"start":{"line":26,"column":8},"end":{"line":32,"column":null}},"12":{"start":{"line":15,"column":13},"end":{"line":15,"column":39}}},"fnMap":{"0":{"name":"(anonymous_1)","decl":{"start":{"line":15,"column":39},"end":{"line":15,"column":40}},"loc":{"start":{"line":15,"column":52},"end":{"line":50,"column":1}}},"1":{"name":"(anonymous_2)","decl":{"start":{"line":17,"column":32},"end":{"line":17,"column":33}},"loc":{"start":{"line":18,"column":4},"end":{"line":18,"column":48}}},"2":{"name":"(anonymous_3)","decl":{"start":{"line":25,"column":15},"end":{"line":25,"column":18}},"loc":{"start":{"line":25,"column":20},"end":{"line":33,"column":7}}}},"branchMap":{"0":{"loc":{"start":{"line":35,"column":8},"end":{"line":35,"column":35}},"type":"binary-expr","locations":[{"start":{"line":35,"column":8},"end":{"line":35,"column":17}},{"start":{"line":35,"column":21},"end":{"line":35,"column":35}}]},"1":{"loc":{"start":{"line":37,"column":8},"end":{"line":37,"column":40}},"type":"binary-expr","locations":[{"start":{"line":37,"column":8},"end":{"line":37,"column":22}},{"start":{"line":37,"column":26},"end":{"line":37,"column":40}}]},"2":{"loc":{"start":{"line":41,"column":9},"end":{"line":44,"column":null}},"type":"cond-expr","locations":[{"start":{"line":42,"column":10},"end":{"line":42,"column":50}},{"start":{"line":44,"column":10},"end":{"line":44,"column":49}}]}},"s":{"0":1,"1":1,"2":1,"3":1,"4":1,"5":1,"6":1,"7":24,"8":24,"9":51,"10":24,"11":3,"12":1},"f":{"0":24,"1":51,"2":3},"b":{"0":[24,3],"1":[24,2],"2":[3,21]}}
,"C:\\Users\\pasab\\Desktop\\work\\to-do-list\\src\\components\\Task\\Trash.tsx": {"path":"C:\\Users\\pasab\\Desktop\\work\\to-do-list\\src\\components\\Task\\Trash.tsx","statementMap":{"0":{"start":{"line":3,"column":0},"end":{"line":3,"column":59}},"1":{"start":{"line":4,"column":0},"end":{"line":4,"column":47}},"2":{"start":{"line":6,"column":0},"end":{"line":6,"column":30}},"3":{"start":{"line":12,"column":32},"end":{"line":20,"column":1}},"4":{"start":{"line":13,"column":19},"end":{"line":13,"column":32}},"5":{"start":{"line":15,"column":2},"end":{"line":19,"column":null}},"6":{"start":{"line":16,"column":27},"end":{"line":16,"column":61}},"7":{"start":{"line":12,"column":13},"end":{"line":12,"column":32}}},"fnMap":{"0":{"name":"(anonymous_0)","decl":{"start":{"line":12,"column":32},"end":{"line":12,"column":33}},"loc":{"start":{"line":12,"column":54},"end":{"line":20,"column":1}}},"1":{"name":"(anonymous_1)","decl":{"start":{"line":16,"column":21},"end":{"line":16,"column":24}},"loc":{"start":{"line":16,"column":27},"end":{"line":16,"column":61}}}},"branchMap":{},"s":{"0":2,"1":2,"2":2,"3":2,"4":21,"5":21,"6":3,"7":2},"f":{"0":21,"1":3},"b":{}}
,"C:\\Users\\pasab\\Desktop\\work\\to-do-list\\src\\components\\uikit\\AddButton.tsx": {"path":"C:\\Users\\pasab\\Desktop\\work\\to-do-list\\src\\components\\uikit\\AddButton.tsx","statementMap":{"0":{"start":{"line":3,"column":0},"end":{"line":3,"column":53}},"1":{"start":{"line":4,"column":0},"end":{"line":4,"column":30}},"2":{"start":{"line":5,"column":0},"end":{"line":5,"column":43}},"3":{"start":{"line":7,"column":55},"end":{"line":17,"column":1}},"4":{"start":{"line":11,"column":2},"end":{"line":16,"column":null}},"5":{"start":{"line":7,"column":13},"end":{"line":7,"column":55}}},"fnMap":{"0":{"name":"(anonymous_1)","decl":{"start":{"line":7,"column":55},"end":{"line":7,"column":56}},"loc":{"start":{"line":10,"column":5},"end":{"line":17,"column":1}}}},"branchMap":{},"s":{"0":1,"1":1,"2":1,"3":1,"4":8,"5":1},"f":{"0":8},"b":{}}
,"C:\\Users\\pasab\\Desktop\\work\\to-do-list\\src\\components\\uikit\\Button.tsx": {"path":"C:\\Users\\pasab\\Desktop\\work\\to-do-list\\src\\components\\uikit\\Button.tsx","statementMap":{"0":{"start":{"line":3,"column":0},"end":{"line":3,"column":53}},"1":{"start":{"line":4,"column":0},"end":{"line":4,"column":40}},"2":{"start":{"line":11,"column":33},"end":{"line":31,"column":1}},"3":{"start":{"line":18,"column":2},"end":{"line":30,"column":null}},"4":{"start":{"line":11,"column":13},"end":{"line":11,"column":33}}},"fnMap":{"0":{"name":"(anonymous_1)","decl":{"start":{"line":11,"column":33},"end":{"line":11,"column":34}},"loc":{"start":{"line":17,"column":5},"end":{"line":31,"column":1}}}},"branchMap":{"0":{"loc":{"start":{"line":26,"column":8},"end":{"line":26,"column":35}},"type":"binary-expr","locations":[{"start":{"line":26,"column":8},"end":{"line":26,"column":16}},{"start":{"line":26,"column":20},"end":{"line":26,"column":35}}]}},"s":{"0":1,"1":1,"2":1,"3":100,"4":1},"f":{"0":100},"b":{"0":[100,5]}}
,"C:\\Users\\pasab\\Desktop\\work\\to-do-list\\src\\components\\uikit\\Checkbox.tsx": {"path":"C:\\Users\\pasab\\Desktop\\work\\to-do-list\\src\\components\\uikit\\Checkbox.tsx","statementMap":{"0":{"start":{"line":3,"column":0},"end":{"line":3,"column":53}},"1":{"start":{"line":4,"column":0},"end":{"line":4,"column":30}},"2":{"start":{"line":5,"column":0},"end":{"line":5,"column":42}},"3":{"start":{"line":11,"column":35},"end":{"line":20,"column":1}},"4":{"start":{"line":12,"column":2},"end":{"line":19,"column":null}},"5":{"start":{"line":11,"column":13},"end":{"line":11,"column":35}}},"fnMap":{"0":{"name":"(anonymous_1)","decl":{"start":{"line":11,"column":35},"end":{"line":11,"column":36}},"loc":{"start":{"line":11,"column":53},"end":{"line":20,"column":1}}}},"branchMap":{"0":{"loc":{"start":{"line":15,"column":45},"end":{"line":15,"column":72}},"type":"binary-expr","locations":[{"start":{"line":15,"column":45},"end":{"line":15,"column":54}},{"start":{"line":15,"column":58},"end":{"line":15,"column":72}}]},"1":{"loc":{"start":{"line":17,"column":7},"end":{"line":17,"column":68}},"type":"binary-expr","locations":[{"start":{"line":17,"column":7},"end":{"line":17,"column":16}},{"start":{"line":17,"column":20},"end":{"line":17,"column":68}}]}},"s":{"0":1,"1":1,"2":1,"3":1,"4":19,"5":1},"f":{"0":19},"b":{"0":[19,2],"1":[19,2]}}
,"C:\\Users\\pasab\\Desktop\\work\\to-do-list\\src\\components\\uikit\\Input.tsx": {"path":"C:\\Users\\pasab\\Desktop\\work\\to-do-list\\src\\components\\uikit\\Input.tsx","statementMap":{"0":{"start":{"line":3,"column":0},"end":{"line":3,"column":53}},"1":{"start":{"line":4,"column":0},"end":{"line":4,"column":39}},"2":{"start":{"line":6,"column":50},"end":{"line":8,"column":1}},"3":{"start":{"line":7,"column":2},"end":{"line":7,"column":null}},"4":{"start":{"line":6,"column":13},"end":{"line":6,"column":50}}},"fnMap":{"0":{"name":"(anonymous_1)","decl":{"start":{"line":6,"column":50},"end":{"line":6,"column":51}},"loc":{"start":{"line":6,"column":77},"end":{"line":8,"column":1}}}},"branchMap":{},"s":{"0":1,"1":1,"2":1,"3":50,"4":1},"f":{"0":50},"b":{}}
,"C:\\Users\\pasab\\Desktop\\work\\to-do-list\\src\\components\\uikit\\Modal.tsx": {"path":"C:\\Users\\pasab\\Desktop\\work\\to-do-list\\src\\components\\uikit\\Modal.tsx","statementMap":{"0":{"start":{"line":3,"column":0},"end":{"line":3,"column":39}},"1":{"start":{"line":10,"column":32},"end":{"line":19,"column":1}},"2":{"start":{"line":11,"column":2},"end":{"line":18,"column":null}},"3":{"start":{"line":10,"column":13},"end":{"line":10,"column":32}}},"fnMap":{"0":{"name":"(anonymous_1)","decl":{"start":{"line":10,"column":32},"end":{"line":10,"column":33}},"loc":{"start":{"line":10,"column":65},"end":{"line":19,"column":1}}}},"branchMap":{},"s":{"0":1,"1":1,"2":50,"3":1},"f":{"0":50},"b":{}}
,"C:\\Users\\pasab\\Desktop\\work\\to-do-list\\src\\helpers\\classNames.ts": {"path":"C:\\Users\\pasab\\Desktop\\work\\to-do-list\\src\\helpers\\classNames.ts","statementMap":{"0":{"start":{"line":1,"column":26},"end":{"line":5,"column":1}},"1":{"start":{"line":4,"column":2},"end":{"line":4,"column":null}},"2":{"start":{"line":1,"column":13},"end":{"line":1,"column":26}}},"fnMap":{"0":{"name":"(anonymous_0)","decl":{"start":{"line":1,"column":26},"end":{"line":1,"column":null}},"loc":{"start":{"line":3,"column":4},"end":{"line":5,"column":1}}}},"branchMap":{},"s":{"0":3,"1":282,"2":3},"f":{"0":282},"b":{}}
,"C:\\Users\\pasab\\Desktop\\work\\to-do-list\\src\\hooks\\useKeyboard.ts": {"path":"C:\\Users\\pasab\\Desktop\\work\\to-do-list\\src\\hooks\\useKeyboard.ts","statementMap":{"0":{"start":{"line":1,"column":0},"end":{"line":1,"column":33}},"1":{"start":{"line":3,"column":27},"end":{"line":19,"column":1}},"2":{"start":{"line":8,"column":2},"end":{"line":18,"column":null}},"3":{"start":{"line":9,"column":21},"end":{"line":13,"column":5}},"4":{"start":{"line":10,"column":6},"end":{"line":12,"column":7}},"5":{"start":{"line":11,"column":8},"end":{"line":11,"column":null}},"6":{"start":{"line":15,"column":4},"end":{"line":15,"column":null}},"7":{"start":{"line":16,"column":4},"end":{"line":16,"column":null}},"8":{"start":{"line":16,"column":17},"end":{"line":16,"column":57}},"9":{"start":{"line":3,"column":13},"end":{"line":3,"column":27}}},"fnMap":{"0":{"name":"(anonymous_0)","decl":{"start":{"line":3,"column":27},"end":{"line":3,"column":null}},"loc":{"start":{"line":7,"column":4},"end":{"line":19,"column":1}}},"1":{"name":"(anonymous_1)","decl":{"start":{"line":8,"column":12},"end":{"line":8,"column":15}},"loc":{"start":{"line":8,"column":17},"end":{"line":18,"column":3}}},"2":{"name":"(anonymous_2)","decl":{"start":{"line":9,"column":21},"end":{"line":9,"column":22}},"loc":{"start":{"line":9,"column":46},"end":{"line":13,"column":5}}},"3":{"name":"(anonymous_3)","decl":{"start":{"line":16,"column":11},"end":{"line":16,"column":14}},"loc":{"start":{"line":16,"column":17},"end":{"line":16,"column":57}}}},"branchMap":{"0":{"loc":{"start":{"line":10,"column":6},"end":{"line":12,"column":7}},"type":"if","locations":[{"start":{"line":10,"column":6},"end":{"line":12,"column":7}},{"start":{},"end":{}}]}},"s":{"0":1,"1":1,"2":35,"3":32,"4":28,"5":2,"6":32,"7":32,"8":32,"9":1},"f":{"0":35,"1":32,"2":28,"3":32},"b":{"0":[2,26]}}
,"C:\\Users\\pasab\\Desktop\\work\\to-do-list\\src\\redux\\store.ts": {"path":"C:\\Users\\pasab\\Desktop\\work\\to-do-list\\src\\redux\\store.ts","statementMap":{"0":{"start":{"line":1,"column":0},"end":{"line":1,"column":66}},"1":{"start":{"line":2,"column":0},"end":{"line":2,"column":null}},"2":{"start":{"line":7,"column":0},"end":{"line":7,"column":45}},"3":{"start":{"line":9,"column":13},"end":{"line":11,"column":null}},"4":{"start":{"line":13,"column":13},"end":{"line":15,"column":null}},"5":{"start":{"line":17,"column":27},"end":{"line":17,"column":66}},"6":{"start":{"line":17,"column":33},"end":{"line":17,"column":66}},"7":{"start":{"line":17,"column":13},"end":{"line":17,"column":27}},"8":{"start":{"line":19,"column":27},"end":{"line":20,"column":28}},"9":{"start":{"line":20,"column":2},"end":{"line":20,"column":28}},"10":{"start":{"line":19,"column":13},"end":{"line":19,"column":27}}},"fnMap":{"0":{"name":"(anonymous_1)","decl":{"start":{"line":17,"column":27},"end":{"line":17,"column":30}},"loc":{"start":{"line":17,"column":33},"end":{"line":17,"column":66}}},"1":{"name":"(anonymous_2)","decl":{"start":{"line":19,"column":27},"end":{"line":19,"column":31}},"loc":{"start":{"line":20,"column":2},"end":{"line":20,"column":28}}}},"branchMap":{},"s":{"0":3,"1":3,"2":3,"3":3,"4":3,"5":3,"6":137,"7":3,"8":3,"9":144,"10":3},"f":{"0":137,"1":144},"b":{}}
,"C:\\Users\\pasab\\Desktop\\work\\to-do-list\\src\\redux\\slices\\thunks.ts": {"path":"C:\\Users\\pasab\\Desktop\\work\\to-do-list\\src\\redux\\slices\\thunks.ts","statementMap":{"0":{"start":{"line":1,"column":0},"end":{"line":1,"column":51}},"1":{"start":{"line":3,"column":0},"end":{"line":3,"column":43}},"2":{"start":{"line":4,"column":0},"end":{"line":4,"column":49}},"3":{"start":{"line":5,"column":0},"end":{"line":5,"column":45}},"4":{"start":{"line":6,"column":0},"end":{"line":6,"column":49}},"5":{"start":{"line":8,"column":13},"end":{"line":8,"column":null}},"6":{"start":{"line":10,"column":13},"end":{"line":10,"column":null}},"7":{"start":{"line":12,"column":13},"end":{"line":12,"column":null}},"8":{"start":{"line":14,"column":13},"end":{"line":14,"column":null}}},"fnMap":{},"branchMap":{},"s":{"0":3,"1":3,"2":3,"3":3,"4":3,"5":3,"6":3,"7":3,"8":3},"f":{},"b":{}}
,"C:\\Users\\pasab\\Desktop\\work\\to-do-list\\src\\redux\\slices\\toDoSlice.ts": {"path":"C:\\Users\\pasab\\Desktop\\work\\to-do-list\\src\\redux\\slices\\toDoSlice.ts","statementMap":{"0":{"start":{"line":1,"column":0},"end":{"line":1,"column":46}},"1":{"start":{"line":4,"column":0},"end":{"line":4,"column":null}},"2":{"start":{"line":20,"column":33},"end":{"line":32,"column":null}},"3":{"start":{"line":34,"column":13},"end":{"line":101,"column":null}},"4":{"start":{"line":39,"column":6},"end":{"line":39,"column":null}},"5":{"start":{"line":43,"column":4},"end":{"line":99,"column":null}},"6":{"start":{"line":45,"column":8},"end":{"line":45,"column":null}},"7":{"start":{"line":46,"column":8},"end":{"line":46,"column":null}},"8":{"start":{"line":49,"column":8},"end":{"line":49,"column":null}},"9":{"start":{"line":52,"column":8},"end":{"line":52,"column":null}},"10":{"start":{"line":53,"column":8},"end":{"line":53,"column":null}},"11":{"start":{"line":56,"column":28},"end":{"line":58,"column":10}},"12":{"start":{"line":57,"column":10},"end":{"line":57,"column":null}},"13":{"start":{"line":60,"column":8},"end":{"line":63,"column":9}},"14":{"start":{"line":61,"column":10},"end":{"line":61,"column":null}},"15":{"start":{"line":62,"column":10},"end":{"line":62,"column":null}},"16":{"start":{"line":64,"column":8},"end":{"line":66,"column":null}},"17":{"start":{"line":65,"column":18},"end":{"line":65,"column":47}},"18":{"start":{"line":69,"column":8},"end":{"line":69,"column":null}},"19":{"start":{"line":72,"column":8},"end":{"line":74,"column":null}},"20":{"start":{"line":73,"column":18},"end":{"line":73,"column":47}},"21":{"start":{"line":77,"column":8},"end":{"line":79,"column":null}},"22":{"start":{"line":78,"column":20},"end":{"line":78,"column":49}},"23":{"start":{"line":82,"column":8},"end":{"line":82,"column":null}},"24":{"start":{"line":85,"column":8},"end":{"line":87,"column":null}},"25":{"start":{"line":86,"column":18},"end":{"line":86,"column":40}},"26":{"start":{"line":90,"column":8},"end":{"line":90,"column":null}},"27":{"start":{"line":91,"column":8},"end":{"line":91,"column":null}},"28":{"start":{"line":92,"column":8},"end":{"line":92,"column":null}},"29":{"start":{"line":95,"column":8},"end":{"line":95,"column":null}},"30":{"start":{"line":98,"column":8},"end":{"line":98,"column":null}},"31":{"start":{"line":103,"column":15},"end":{"line":103,"column":null}},"32":{"start":{"line":105,"column":0},"end":{"line":105,"column":null}}},"fnMap":{"0":{"name":"(anonymous_0)","decl":{"start":{"line":38,"column":30},"end":{"line":38,"column":31}},"loc":{"start":{"line":38,"column":40},"end":{"line":40,"column":5}}},"1":{"name":"(anonymous_1)","decl":{"start":{"line":42,"column":17},"end":{"line":42,"column":18}},"loc":{"start":{"line":42,"column":29},"end":{"line":100,"column":3}}},"2":{"name":"(anonymous_2)","decl":{"start":{"line":44,"column":40},"end":{"line":44,"column":41}},"loc":{"start":{"line":44,"column":58},"end":{"line":47,"column":7}}},"3":{"name":"(anonymous_3)","decl":{"start":{"line":48,"column":38},"end":{"line":48,"column":39}},"loc":{"start":{"line":48,"column":48},"end":{"line":50,"column":7}}},"4":{"name":"(anonymous_4)","decl":{"start":{"line":51,"column":39},"end":{"line":51,"column":40}},"loc":{"start":{"line":51,"column":49},"end":{"line":54,"column":7}}},"5":{"name":"(anonymous_5)","decl":{"start":{"line":55,"column":42},"end":{"line":55,"column":43}},"loc":{"start":{"line":55,"column":60},"end":{"line":67,"column":7}}},"6":{"name":"(anonymous_6)","decl":{"start":{"line":56,"column":50},"end":{"line":56,"column":51}},"loc":{"start":{"line":56,"column":59},"end":{"line":58,"column":9}}},"7":{"name":"(anonymous_7)","decl":{"start":{"line":65,"column":10},"end":{"line":65,"column":11}},"loc":{"start":{"line":65,"column":18},"end":{"line":65,"column":47}}},"8":{"name":"(anonymous_8)","decl":{"start":{"line":68,"column":40},"end":{"line":68,"column":41}},"loc":{"start":{"line":68,"column":58},"end":{"line":70,"column":7}}},"9":{"name":"(anonymous_9)","decl":{"start":{"line":71,"column":41},"end":{"line":71,"column":42}},"loc":{"start":{"line":71,"column":59},"end":{"line":75,"column":7}}},"10":{"name":"(anonymous_10)","decl":{"start":{"line":73,"column":10},"end":{"line":73,"column":11}},"loc":{"start":{"line":73,"column":18},"end":{"line":73,"column":47}}},"11":{"name":"(anonymous_11)","decl":{"start":{"line":76,"column":42},"end":{"line":76,"column":43}},"loc":{"start":{"line":76,"column":60},"end":{"line":80,"column":7}}},"12":{"name":"(anonymous_12)","decl":{"start":{"line":78,"column":10},"end":{"line":78,"column":11}},"loc":{"start":{"line":78,"column":20},"end":{"line":78,"column":49}}},"13":{"name":"(anonymous_13)","decl":{"start":{"line":81,"column":40},"end":{"line":81,"column":41}},"loc":{"start":{"line":81,"column":58},"end":{"line":83,"column":7}}},"14":{"name":"(anonymous_14)","decl":{"start":{"line":84,"column":41},"end":{"line":84,"column":42}},"loc":{"start":{"line":84,"column":59},"end":{"line":88,"column":7}}},"15":{"name":"(anonymous_15)","decl":{"start":{"line":86,"column":10},"end":{"line":86,"column":11}},"loc":{"start":{"line":86,"column":18},"end":{"line":86,"column":40}}},"16":{"name":"(anonymous_16)","decl":{"start":{"line":89,"column":39},"end":{"line":89,"column":40}},"loc":{"start":{"line":89,"column":57},"end":{"line":93,"column":7}}},"17":{"name":"(anonymous_17)","decl":{"start":{"line":94,"column":37},"end":{"line":94,"column":38}},"loc":{"start":{"line":94,"column":47},"end":{"line":96,"column":7}}},"18":{"name":"(anonymous_18)","decl":{"start":{"line":97,"column":38},"end":{"line":97,"column":39}},"loc":{"start":{"line":97,"column":48},"end":{"line":99,"column":7}}}},"branchMap":{"0":{"loc":{"start":{"line":60,"column":8},"end":{"line":63,"column":9}},"type":"if","locations":[{"start":{"line":60,"column":8},"end":{"line":63,"column":9}},{"start":{},"end":{}}]}},"s":{"0":3,"1":3,"2":3,"3":3,"4":4,"5":3,"6":0,"7":0,"8":0,"9":0,"10":0,"11":4,"12":4,"13":4,"14":4,"15":4,"16":4,"17":4,"18":6,"19":2,"20":2,"21":1,"22":1,"23":2,"24":1,"25":1,"26":1,"27":1,"28":1,"29":2,"30":1,"31":3,"32":3},"f":{"0":4,"1":3,"2":0,"3":0,"4":0,"5":4,"6":4,"7":4,"8":6,"9":2,"10":2,"11":1,"12":1,"13":2,"14":1,"15":1,"16":1,"17":2,"18":1},"b":{"0":[4,0]}}
,"C:\\Users\\pasab\\Desktop\\work\\to-do-list\\src\\test-support\\getAllProviders.tsx": {"path":"C:\\Users\\pasab\\Desktop\\work\\to-do-list\\src\\test-support\\getAllProviders.tsx","statementMap":{"0":{"start":{"line":1,"column":0},"end":{"line":1,"column":49}},"1":{"start":{"line":3,"column":0},"end":{"line":3,"column":38}},"2":{"start":{"line":5,"column":0},"end":{"line":5,"column":60}},"3":{"start":{"line":11,"column":26},"end":{"line":16,"column":1}},"4":{"start":{"line":12,"column":2},"end":{"line":15,"column":null}},"5":{"start":{"line":11,"column":13},"end":{"line":11,"column":26}},"6":{"start":{"line":18,"column":31},"end":{"line":26,"column":1}},"7":{"start":{"line":21,"column":16},"end":{"line":21,"column":40}},"8":{"start":{"line":23,"column":2},"end":{"line":25,"column":null}},"9":{"start":{"line":24,"column":4},"end":{"line":24,"column":null}},"10":{"start":{"line":18,"column":13},"end":{"line":18,"column":31}}},"fnMap":{"0":{"name":"(anonymous_0)","decl":{"start":{"line":11,"column":26},"end":{"line":11,"column":27}},"loc":{"start":{"line":11,"column":66},"end":{"line":16,"column":1}}},"1":{"name":"(anonymous_1)","decl":{"start":{"line":18,"column":31},"end":{"line":18,"column":null}},"loc":{"start":{"line":20,"column":15},"end":{"line":26,"column":1}}},"2":{"name":"(anonymous_2)","decl":{"start":{"line":23,"column":9},"end":{"line":23,"column":10}},"loc":{"start":{"line":23,"column":26},"end":{"line":25,"column":3}}}},"branchMap":{},"s":{"0":2,"1":2,"2":2,"3":2,"4":15,"5":2,"6":2,"7":15,"8":15,"9":15,"10":2},"f":{"0":15,"1":15,"2":15},"b":{}}
,"C:\\Users\\pasab\\Desktop\\work\\to-do-list\\src\\test-support\\test-utils.ts": {"path":"C:\\Users\\pasab\\Desktop\\work\\to-do-list\\src\\test-support\\test-utils.ts","statementMap":{"0":{"start":{"line":1,"column":0},"end":{"line":1,"column":47}},"1":{"start":{"line":5,"column":0},"end":{"line":5,"column":51}},"2":{"start":{"line":11,"column":21},"end":{"line":14,"column":4}},"3":{"start":{"line":12,"column":2},"end":{"line":14,"column":4}},"4":{"start":{"line":16,"column":25},"end":{"line":16,"column":31}}},"fnMap":{"0":{"name":"(anonymous_0)","decl":{"start":{"line":11,"column":21},"end":{"line":11,"column":22}},"loc":{"start":{"line":12,"column":2},"end":{"line":14,"column":4}}}},"branchMap":{"0":{"loc":{"start":{"line":11,"column":43},"end":{"line":11,"column":64}},"type":"default-arg","locations":[{"start":{"line":11,"column":62},"end":{"line":11,"column":64}}]},"1":{"loc":{"start":{"line":13,"column":29},"end":{"line":13,"column":55}},"type":"binary-expr","locations":[{"start":{"line":13,"column":29},"end":{"line":13,"column":49}},{"start":{"line":13,"column":53},"end":{"line":13,"column":55}}]}},"s":{"0":2,"1":2,"2":2,"3":15,"4":2},"f":{"0":15},"b":{"0":[4],"1":[15,4]}}
,"C:\\Users\\pasab\\Desktop\\work\\to-do-list\\src\\test-support\\page-objects\\new.task.ts": {"path":"C:\\Users\\pasab\\Desktop\\work\\to-do-list\\src\\test-support\\page-objects\\new.task.ts","statementMap":{"0":{"start":{"line":2,"column":0},"end":{"line":2,"column":51}},"1":{"start":{"line":6,"column":4},"end":{"line":8,"column":null}},"2":{"start":{"line":11,"column":4},"end":{"line":11,"column":null}},"3":{"start":{"line":15,"column":4},"end":{"line":15,"column":null}},"4":{"start":{"line":19,"column":4},"end":{"line":21,"column":null}},"5":{"start":{"line":25,"column":4},"end":{"line":27,"column":null}},"6":{"start":{"line":31,"column":4},"end":{"line":31,"column":null}},"7":{"start":{"line":35,"column":4},"end":{"line":35,"column":null}},"8":{"start":{"line":39,"column":4},"end":{"line":39,"column":null}},"9":{"start":{"line":43,"column":4},"end":{"line":43,"column":null}},"10":{"start":{"line":46,"column":31},"end":{"line":46,"column":64}},"11":{"start":{"line":4,"column":0},"end":{"line":4,"column":13}}},"fnMap":{"0":{"name":"(anonymous_1)","decl":{"start":{"line":5,"column":2},"end":{"line":5,"column":6}},"loc":{"start":{"line":5,"column":15},"end":{"line":9,"column":3}}},"1":{"name":"(anonymous_2)","decl":{"start":{"line":10,"column":2},"end":{"line":10,"column":6}},"loc":{"start":{"line":10,"column":11},"end":{"line":12,"column":3}}},"2":{"name":"(anonymous_3)","decl":{"start":{"line":14,"column":2},"end":{"line":14,"column":6}},"loc":{"start":{"line":14,"column":11},"end":{"line":16,"column":3}}},"3":{"name":"(anonymous_4)","decl":{"start":{"line":18,"column":2},"end":{"line":18,"column":6}},"loc":{"start":{"line":18,"column":17},"end":{"line":22,"column":3}}},"4":{"name":"(anonymous_5)","decl":{"start":{"line":24,"column":2},"end":{"line":24,"column":6}},"loc":{"start":{"line":24,"column":18},"end":{"line":28,"column":3}}},"5":{"name":"(anonymous_6)","decl":{"start":{"line":30,"column":2},"end":{"line":30,"column":7}},"loc":{"start":{"line":30,"column":17},"end":{"line":32,"column":3}}},"6":{"name":"(anonymous_7)","decl":{"start":{"line":34,"column":2},"end":{"line":34,"column":7}},"loc":{"start":{"line":34,"column":30},"end":{"line":36,"column":3}}},"7":{"name":"(anonymous_8)","decl":{"start":{"line":38,"column":2},"end":{"line":38,"column":7}},"loc":{"start":{"line":38,"column":18},"end":{"line":40,"column":3}}},"8":{"name":"(anonymous_9)","decl":{"start":{"line":42,"column":2},"end":{"line":42,"column":7}},"loc":{"start":{"line":42,"column":18},"end":{"line":44,"column":3}}},"9":{"name":"(anonymous_10)","decl":{"start":{"line":46,"column":2},"end":{"line":46,"column":31}},"loc":{"start":{"line":46,"column":64},"end":{"line":46,"column":68}}}},"branchMap":{},"s":{"0":1,"1":3,"2":3,"3":2,"4":2,"5":1,"6":3,"7":2,"8":2,"9":1,"10":3,"11":1},"f":{"0":3,"1":3,"2":2,"3":2,"4":1,"5":3,"6":2,"7":2,"8":1,"9":3},"b":{}}
,"C:\\Users\\pasab\\Desktop\\work\\to-do-list\\src\\test-support\\page-objects\\task.ts": {"path":"C:\\Users\\pasab\\Desktop\\work\\to-do-list\\src\\test-support\\page-objects\\task.ts","statementMap":{"0":{"start":{"line":1,"column":0},"end":{"line":1,"column":51}},"1":{"start":{"line":7,"column":4},"end":{"line":7,"column":null}},"2":{"start":{"line":11,"column":4},"end":{"line":11,"column":null}},"3":{"start":{"line":15,"column":4},"end":{"line":15,"column":null}},"4":{"start":{"line":19,"column":4},"end":{"line":19,"column":null}},"5":{"start":{"line":23,"column":4},"end":{"line":23,"column":null}},"6":{"start":{"line":27,"column":4},"end":{"line":27,"column":null}},"7":{"start":{"line":31,"column":4},"end":{"line":31,"column":null}},"8":{"start":{"line":35,"column":4},"end":{"line":35,"column":null}},"9":{"start":{"line":39,"column":4},"end":{"line":39,"column":null}},"10":{"start":{"line":43,"column":4},"end":{"line":43,"column":null}},"11":{"start":{"line":47,"column":4},"end":{"line":47,"column":null}},"12":{"start":{"line":51,"column":4},"end":{"line":51,"column":null}},"13":{"start":{"line":55,"column":4},"end":{"line":55,"column":null}},"14":{"start":{"line":59,"column":4},"end":{"line":59,"column":null}},"15":{"start":{"line":63,"column":4},"end":{"line":63,"column":null}},"16":{"start":{"line":66,"column":31},"end":{"line":66,"column":64}},"17":{"start":{"line":5,"column":0},"end":{"line":5,"column":13}}},"fnMap":{"0":{"name":"(anonymous_1)","decl":{"start":{"line":6,"column":2},"end":{"line":6,"column":6}},"loc":{"start":{"line":6,"column":14},"end":{"line":8,"column":3}}},"1":{"name":"(anonymous_2)","decl":{"start":{"line":10,"column":2},"end":{"line":10,"column":6}},"loc":{"start":{"line":10,"column":20},"end":{"line":12,"column":3}}},"2":{"name":"(anonymous_3)","decl":{"start":{"line":14,"column":2},"end":{"line":14,"column":6}},"loc":{"start":{"line":14,"column":18},"end":{"line":16,"column":3}}},"3":{"name":"(anonymous_4)","decl":{"start":{"line":18,"column":2},"end":{"line":18,"column":6}},"loc":{"start":{"line":18,"column":11},"end":{"line":20,"column":3}}},"4":{"name":"(anonymous_5)","decl":{"start":{"line":22,"column":2},"end":{"line":22,"column":6}},"loc":{"start":{"line":22,"column":11},"end":{"line":24,"column":3}}},"5":{"name":"(anonymous_6)","decl":{"start":{"line":26,"column":2},"end":{"line":26,"column":6}},"loc":{"start":{"line":26,"column":12},"end":{"line":28,"column":3}}},"6":{"name":"(anonymous_7)","decl":{"start":{"line":30,"column":2},"end":{"line":30,"column":6}},"loc":{"start":{"line":30,"column":11},"end":{"line":32,"column":3}}},"7":{"name":"(anonymous_8)","decl":{"start":{"line":34,"column":2},"end":{"line":34,"column":6}},"loc":{"start":{"line":34,"column":10},"end":{"line":36,"column":3}}},"8":{"name":"(anonymous_9)","decl":{"start":{"line":38,"column":2},"end":{"line":38,"column":7}},"loc":{"start":{"line":38,"column":18},"end":{"line":40,"column":3}}},"9":{"name":"(anonymous_10)","decl":{"start":{"line":42,"column":2},"end":{"line":42,"column":7}},"loc":{"start":{"line":42,"column":19},"end":{"line":44,"column":3}}},"10":{"name":"(anonymous_11)","decl":{"start":{"line":46,"column":2},"end":{"line":46,"column":7}},"loc":{"start":{"line":46,"column":18},"end":{"line":48,"column":3}}},"11":{"name":"(anonymous_12)","decl":{"start":{"line":50,"column":2},"end":{"line":50,"column":7}},"loc":{"start":{"line":50,"column":29},"end":{"line":52,"column":3}}},"12":{"name":"(anonymous_13)","decl":{"start":{"line":54,"column":2},"end":{"line":54,"column":7}},"loc":{"start":{"line":54,"column":19},"end":{"line":56,"column":3}}},"13":{"name":"(anonymous_14)","decl":{"start":{"line":58,"column":2},"end":{"line":58,"column":7}},"loc":{"start":{"line":58,"column":18},"end":{"line":60,"column":3}}},"14":{"name":"(anonymous_15)","decl":{"start":{"line":62,"column":2},"end":{"line":62,"column":7}},"loc":{"start":{"line":62,"column":18},"end":{"line":64,"column":3}}},"15":{"name":"(anonymous_16)","decl":{"start":{"line":66,"column":2},"end":{"line":66,"column":31}},"loc":{"start":{"line":66,"column":64},"end":{"line":66,"column":68}}}},"branchMap":{},"s":{"0":1,"1":2,"2":1,"3":2,"4":8,"5":3,"6":1,"7":2,"8":1,"9":3,"10":6,"11":3,"12":4,"13":1,"14":2,"15":2,"16":12,"17":1},"f":{"0":2,"1":1,"2":2,"3":8,"4":3,"5":1,"6":2,"7":1,"8":3,"9":6,"10":3,"11":4,"12":1,"13":2,"14":2,"15":12},"b":{}}
}
