{"C:\\Users\\pasab\\Desktop\\work\\to-do-list\\src\\api\\addTask.ts": {"path":"C:\\Users\\pasab\\Desktop\\work\\to-do-list\\src\\api\\addTask.ts","statementMap":{"0":{"start":{"line":3,"column":23},"end":{"line":12,"column":1}},"1":{"start":{"line":4,"column":2},"end":{"line":11,"column":null}},"2":{"start":{"line":11,"column":19},"end":{"line":11,"column":29}},"3":{"start":{"line":3,"column":13},"end":{"line":3,"column":23}}},"fnMap":{"0":{"name":"(anonymous_0)","decl":{"start":{"line":3,"column":23},"end":{"line":3,"column":24}},"loc":{"start":{"line":3,"column":55},"end":{"line":12,"column":1}}},"1":{"name":"(anonymous_1)","decl":{"start":{"line":11,"column":10},"end":{"line":11,"column":11}},"loc":{"start":{"line":11,"column":19},"end":{"line":11,"column":29}}}},"branchMap":{},"s":{"0":1,"1":1,"2":1,"3":1},"f":{"0":1,"1":1},"b":{}}
,"C:\\Users\\pasab\\Desktop\\work\\to-do-list\\src\\api\\deleteTask.ts": {"path":"C:\\Users\\pasab\\Desktop\\work\\to-do-list\\src\\api\\deleteTask.ts","statementMap":{"0":{"start":{"line":8,"column":26},"end":{"line":14,"column":1}},"1":{"start":{"line":9,"column":18},"end":{"line":11,"column":30}},"2":{"start":{"line":11,"column":19},"end":{"line":11,"column":29}},"3":{"start":{"line":13,"column":2},"end":{"line":13,"column":null}},"4":{"start":{"line":8,"column":13},"end":{"line":8,"column":26}}},"fnMap":{"0":{"name":"(anonymous_0)","decl":{"start":{"line":8,"column":26},"end":{"line":8,"column":27}},"loc":{"start":{"line":8,"column":67},"end":{"line":14,"column":1}}},"1":{"name":"(anonymous_1)","decl":{"start":{"line":11,"column":10},"end":{"line":11,"column":11}},"loc":{"start":{"line":11,"column":19},"end":{"line":11,"column":29}}}},"branchMap":{},"s":{"0":1,"1":1,"2":1,"3":1,"4":1},"f":{"0":1,"1":1},"b":{}}
,"C:\\Users\\pasab\\Desktop\\work\\to-do-list\\src\\api\\getTasks.ts": {"path":"C:\\Users\\pasab\\Desktop\\work\\to-do-list\\src\\api\\getTasks.ts","statementMap":{"0":{"start":{"line":10,"column":24},"end":{"line":16,"column":1}},"1":{"start":{"line":11,"column":19},"end":{"line":12,"column":null}},"2":{"start":{"line":12,"column":4},"end":{"line":12,"column":14}},"3":{"start":{"line":15,"column":2},"end":{"line":15,"column":null}},"4":{"start":{"line":10,"column":13},"end":{"line":10,"column":24}}},"fnMap":{"0":{"name":"(anonymous_0)","decl":{"start":{"line":10,"column":24},"end":{"line":10,"column":54}},"loc":{"start":{"line":10,"column":56},"end":{"line":16,"column":1}}},"1":{"name":"(anonymous_1)","decl":{"start":{"line":11,"column":61},"end":{"line":11,"column":62}},"loc":{"start":{"line":12,"column":4},"end":{"line":12,"column":14}}}},"branchMap":{},"s":{"0":1,"1":1,"2":1,"3":1,"4":1},"f":{"0":1,"1":1},"b":{}}
,"C:\\Users\\pasab\\Desktop\\work\\to-do-list\\src\\api\\updateTask.ts": {"path":"C:\\Users\\pasab\\Desktop\\work\\to-do-list\\src\\api\\updateTask.ts","statementMap":{"0":{"start":{"line":9,"column":26},"end":{"line":22,"column":1}},"1":{"start":{"line":14,"column":2},"end":{"line":21,"column":null}},"2":{"start":{"line":21,"column":19},"end":{"line":21,"column":29}},"3":{"start":{"line":9,"column":13},"end":{"line":9,"column":26}}},"fnMap":{"0":{"name":"(anonymous_0)","decl":{"start":{"line":9,"column":26},"end":{"line":9,"column":27}},"loc":{"start":{"line":13,"column":41},"end":{"line":22,"column":1}}},"1":{"name":"(anonymous_1)","decl":{"start":{"line":21,"column":10},"end":{"line":21,"column":11}},"loc":{"start":{"line":21,"column":19},"end":{"line":21,"column":29}}}},"branchMap":{},"s":{"0":1,"1":1,"2":1,"3":1},"f":{"0":1,"1":1},"b":{}}
,"C:\\Users\\pasab\\Desktop\\work\\to-do-list\\src\\helpers\\classNames.ts": {"path":"C:\\Users\\pasab\\Desktop\\work\\to-do-list\\src\\helpers\\classNames.ts","statementMap":{"0":{"start":{"line":1,"column":26},"end":{"line":5,"column":1}},"1":{"start":{"line":4,"column":2},"end":{"line":4,"column":null}},"2":{"start":{"line":1,"column":13},"end":{"line":1,"column":26}}},"fnMap":{"0":{"name":"(anonymous_0)","decl":{"start":{"line":1,"column":26},"end":{"line":1,"column":null}},"loc":{"start":{"line":3,"column":4},"end":{"line":5,"column":1}}}},"branchMap":{},"s":{"0":1,"1":2,"2":1},"f":{"0":2},"b":{}}
,"C:\\Users\\pasab\\Desktop\\work\\to-do-list\\src\\tests\\delay\\delay.ts": {"path":"C:\\Users\\pasab\\Desktop\\work\\to-do-list\\src\\tests\\delay\\delay.ts","statementMap":{"0":{"start":{"line":1,"column":21},"end":{"line":7,"column":1}},"1":{"start":{"line":2,"column":2},"end":{"line":6,"column":null}},"2":{"start":{"line":3,"column":4},"end":{"line":5,"column":null}},"3":{"start":{"line":4,"column":6},"end":{"line":4,"column":null}},"4":{"start":{"line":1,"column":13},"end":{"line":1,"column":21}}},"fnMap":{"0":{"name":"(anonymous_0)","decl":{"start":{"line":1,"column":21},"end":{"line":1,"column":22}},"loc":{"start":{"line":1,"column":58},"end":{"line":7,"column":1}}},"1":{"name":"(anonymous_1)","decl":{"start":{"line":2,"column":21},"end":{"line":2,"column":22}},"loc":{"start":{"line":2,"column":33},"end":{"line":6,"column":3}}},"2":{"name":"(anonymous_2)","decl":{"start":{"line":3,"column":15},"end":{"line":3,"column":18}},"loc":{"start":{"line":3,"column":20},"end":{"line":5,"column":5}}}},"branchMap":{},"s":{"0":1,"1":1,"2":1,"3":1,"4":1},"f":{"0":1,"1":1,"2":1},"b":{}}
,"C:\\Users\\pasab\\Desktop\\work\\to-do-list\\src\\tests\\square\\square.ts": {"path":"C:\\Users\\pasab\\Desktop\\work\\to-do-list\\src\\tests\\square\\square.ts","statementMap":{"0":{"start":{"line":1,"column":22},"end":{"line":6,"column":1}},"1":{"start":{"line":2,"column":2},"end":{"line":4,"column":3}},"2":{"start":{"line":3,"column":4},"end":{"line":3,"column":null}},"3":{"start":{"line":5,"column":2},"end":{"line":5,"column":null}},"4":{"start":{"line":1,"column":13},"end":{"line":1,"column":22}}},"fnMap":{"0":{"name":"(anonymous_0)","decl":{"start":{"line":1,"column":22},"end":{"line":1,"column":23}},"loc":{"start":{"line":1,"column":41},"end":{"line":6,"column":1}}}},"branchMap":{"0":{"loc":{"start":{"line":2,"column":2},"end":{"line":4,"column":3}},"type":"if","locations":[{"start":{"line":2,"column":2},"end":{"line":4,"column":3}},{"start":{},"end":{}}]}},"s":{"0":1,"1":2,"2":1,"3":1,"4":1},"f":{"0":2},"b":{"0":[1,1]}}
}
