TN:
SF:src\api\addTask.ts
FN:3,(anonymous_0)
FN:11,(anonymous_1)
FNF:2
FNH:2
FNDA:1,(anonymous_0)
FNDA:1,(anonymous_1)
DA:3,4
DA:4,1
DA:11,1
LF:3
LH:3
BRF:0
BRH:0
end_of_record
TN:
SF:src\api\deleteTask.ts
FN:8,(anonymous_0)
FN:11,(anonymous_1)
FNF:2
FNH:2
FNDA:1,(anonymous_0)
FNDA:1,(anonymous_1)
DA:8,4
DA:9,1
DA:11,1
DA:13,1
LF:4
LH:4
BRF:0
BRH:0
end_of_record
TN:
SF:src\api\getTasks.ts
FN:10,(anonymous_0)
FN:11,(anonymous_1)
FNF:2
FNH:2
FNDA:1,(anonymous_0)
FNDA:1,(anonymous_1)
DA:10,4
DA:11,1
DA:12,1
DA:15,1
LF:4
LH:4
BRF:0
BRH:0
end_of_record
TN:
SF:src\api\updateTask.ts
FN:9,(anonymous_0)
FN:21,(anonymous_1)
FNF:2
FNH:2
FNDA:1,(anonymous_0)
FNDA:1,(anonymous_1)
DA:9,4
DA:14,1
DA:21,1
LF:3
LH:3
BRF:0
BRH:0
end_of_record
TN:
SF:src\components\Icon.tsx
FN:10,(anonymous_0)
FN:32,(anonymous_1)
FN:49,(anonymous_2)
FN:65,(anonymous_3)
FN:82,(anonymous_4)
FN:98,(anonymous_5)
FN:114,(anonymous_6)
FN:131,(anonymous_7)
FN:148,(anonymous_8)
FN:166,(anonymous_9)
FNF:10
FNH:8
FNDA:21,(anonymous_0)
FNDA:20,(anonymous_1)
FNDA:7,(anonymous_2)
FNDA:8,(anonymous_3)
FNDA:2,(anonymous_4)
FNDA:8,(anonymous_5)
FNDA:0,(anonymous_6)
FNDA:10,(anonymous_7)
FNDA:0,(anonymous_8)
FNDA:76,(anonymous_9)
DA:9,3
DA:11,21
DA:33,20
DA:50,7
DA:66,8
DA:83,2
DA:99,8
DA:115,0
DA:132,10
DA:149,0
DA:166,3
DA:167,76
DA:169,76
LF:13
LH:11
BRF:0
BRH:0
end_of_record
TN:
SF:src\components\List.tsx
FN:7,(anonymous_1)
FN:8,(anonymous_2)
FN:13,(anonymous_3)
FNF:3
FNH:3
FNDA:27,(anonymous_1)
FNDA:54,(anonymous_2)
FNDA:26,(anonymous_3)
DA:1,1
DA:3,1
DA:4,1
DA:5,1
DA:7,1
DA:8,54
DA:9,27
DA:11,27
DA:14,26
LF:9
LH:9
BRF:0
BRH:0
end_of_record
TN:
SF:src\components\Loader.tsx
FN:7,(anonymous_1)
FNF:1
FNH:1
FNDA:7,(anonymous_1)
DA:3,2
DA:4,2
DA:5,2
DA:7,2
DA:8,7
LF:5
LH:5
BRF:0
BRH:0
end_of_record
TN:
SF:src\components\ModalAddTask.tsx
FN:12,(anonymous_1)
FN:13,(anonymous_2)
FN:23,(anonymous_3)
FN:29,(anonymous_4)
FN:39,(anonymous_5)
FNF:5
FNH:5
FNDA:50,(anonymous_1)
FNDA:58,(anonymous_2)
FNDA:44,(anonymous_3)
FNDA:1,(anonymous_4)
FNDA:2,(anonymous_5)
DA:1,1
DA:3,1
DA:4,1
DA:5,1
DA:6,1
DA:7,1
DA:8,1
DA:9,1
DA:10,1
DA:12,1
DA:13,58
DA:14,50
DA:15,50
DA:17,50
DA:23,44
DA:29,1
DA:40,2
LF:17
LH:17
BRDA:36,0,0,50
BRDA:36,0,1,48
BRDA:44,1,0,50
BRDA:44,1,1,2
BRF:4
BRH:4
end_of_record
TN:
SF:src\components\NewTask.tsx
FN:8,(anonymous_0)
FN:11,(anonymous_1)
FN:16,(anonymous_2)
FNF:3
FNH:3
FNDA:8,(anonymous_0)
FNDA:19,(anonymous_1)
FNDA:3,(anonymous_2)
DA:3,1
DA:4,1
DA:5,1
DA:6,1
DA:8,1
DA:9,8
DA:10,8
DA:11,19
DA:14,8
DA:16,3
LF:10
LH:10
BRDA:17,0,0,8
BRDA:17,0,1,3
BRF:2
BRH:2
end_of_record
TN:
SF:src\components\Task\Cancel.tsx
FN:5,(anonymous_0)
FNF:1
FNH:1
FNDA:10,(anonymous_0)
DA:3,1
DA:5,1
DA:6,10
LF:3
LH:3
BRF:0
BRH:0
end_of_record
TN:
SF:src\components\Task\Check.tsx
FN:5,(anonymous_0)
FNF:1
FNH:1
FNDA:8,(anonymous_0)
DA:3,1
DA:5,1
DA:6,8
LF:3
LH:3
BRF:0
BRH:0
end_of_record
TN:
SF:src\components\Task\EditTask.tsx
FN:13,(anonymous_1)
FN:16,(anonymous_2)
FN:27,(anonymous_3)
FNF:3
FNH:3
FNDA:36,(anonymous_1)
FNDA:6,(anonymous_2)
FNDA:26,(anonymous_3)
DA:1,1
DA:3,1
DA:5,1
DA:13,1
DA:14,36
DA:16,36
DA:17,6
DA:20,36
DA:28,26
LF:9
LH:9
BRDA:30,0,0,36
BRDA:30,0,1,2
BRF:2
BRH:2
end_of_record
TN:
SF:src\components\Task\Pencil.tsx
FN:5,(anonymous_0)
FNF:1
FNH:1
FNDA:20,(anonymous_0)
DA:3,1
DA:5,1
DA:6,20
LF:3
LH:3
BRF:0
BRH:0
end_of_record
TN:
SF:src\components\Task\Task.tsx
FN:29,(anonymous_1)
FN:32,(anonymous_2)
FN:36,(anonymous_3)
FN:44,(anonymous_4)
FN:52,(anonymous_5)
FN:84,(anonymous_6)
FN:93,(anonymous_7)
FNF:7
FNH:7
FNDA:35,(anonymous_1)
FNDA:63,(anonymous_2)
FNDA:4,(anonymous_3)
FNDA:3,(anonymous_4)
FNDA:2,(anonymous_5)
FNDA:1,(anonymous_6)
FNDA:6,(anonymous_7)
DA:1,1
DA:10,1
DA:11,1
DA:12,1
DA:14,1
DA:15,1
DA:16,1
DA:17,1
DA:18,1
DA:19,1
DA:20,1
DA:21,1
DA:29,1
DA:30,35
DA:31,35
DA:32,35
DA:33,63
DA:36,35
DA:37,4
DA:38,3
DA:44,3
DA:46,1
DA:50,35
DA:53,2
DA:54,1
DA:60,35
DA:84,1
DA:94,6
LF:28
LH:28
BRDA:37,0,0,3
BRDA:37,0,1,1
BRDA:53,1,0,1
BRDA:53,1,1,1
BRDA:62,2,0,11
BRDA:62,2,1,24
BRDA:68,3,0,35
BRDA:68,3,1,33
BRDA:70,4,0,11
BRDA:70,4,1,22
BRDA:72,5,0,2
BRDA:72,5,1,9
BRF:12
BRH:12
end_of_record
TN:
SF:src\components\Task\TaskCheckbox.tsx
FN:15,(anonymous_1)
FN:17,(anonymous_2)
FN:25,(anonymous_3)
FNF:3
FNH:3
FNDA:24,(anonymous_1)
FNDA:51,(anonymous_2)
FNDA:3,(anonymous_3)
DA:3,1
DA:4,1
DA:5,1
DA:7,1
DA:8,1
DA:9,1
DA:15,1
DA:16,24
DA:17,24
DA:18,51
DA:21,24
DA:26,3
LF:12
LH:12
BRDA:35,0,0,24
BRDA:35,0,1,3
BRDA:37,1,0,24
BRDA:37,1,1,2
BRDA:41,2,0,3
BRDA:41,2,1,21
BRF:6
BRH:6
end_of_record
TN:
SF:src\components\Task\Trash.tsx
FN:12,(anonymous_0)
FN:16,(anonymous_1)
FNF:2
FNH:2
FNDA:21,(anonymous_0)
FNDA:3,(anonymous_1)
DA:3,2
DA:4,2
DA:6,2
DA:12,2
DA:13,21
DA:15,21
DA:16,3
LF:7
LH:7
BRF:0
BRH:0
end_of_record
TN:
SF:src\components\uikit\AddButton.tsx
FN:7,(anonymous_1)
FNF:1
FNH:1
FNDA:8,(anonymous_1)
DA:3,1
DA:4,1
DA:5,1
DA:7,1
DA:11,8
LF:5
LH:5
BRF:0
BRH:0
end_of_record
TN:
SF:src\components\uikit\Button.tsx
FN:11,(anonymous_1)
FNF:1
FNH:1
FNDA:100,(anonymous_1)
DA:3,1
DA:4,1
DA:11,1
DA:18,100
LF:4
LH:4
BRDA:26,0,0,100
BRDA:26,0,1,5
BRF:2
BRH:2
end_of_record
TN:
SF:src\components\uikit\Checkbox.tsx
FN:11,(anonymous_1)
FNF:1
FNH:1
FNDA:19,(anonymous_1)
DA:3,1
DA:4,1
DA:5,1
DA:11,1
DA:12,19
LF:5
LH:5
BRDA:15,0,0,19
BRDA:15,0,1,2
BRDA:17,1,0,19
BRDA:17,1,1,2
BRF:4
BRH:4
end_of_record
TN:
SF:src\components\uikit\Input.tsx
FN:6,(anonymous_1)
FNF:1
FNH:1
FNDA:50,(anonymous_1)
DA:3,1
DA:4,1
DA:6,1
DA:7,50
LF:4
LH:4
BRF:0
BRH:0
end_of_record
TN:
SF:src\components\uikit\Modal.tsx
FN:10,(anonymous_1)
FNF:1
FNH:1
FNDA:50,(anonymous_1)
DA:3,1
DA:10,1
DA:11,50
LF:3
LH:3
BRF:0
BRH:0
end_of_record
TN:
SF:src\helpers\classNames.ts
FN:1,(anonymous_0)
FNF:1
FNH:1
FNDA:282,(anonymous_0)
DA:1,3
DA:4,282
LF:2
LH:2
BRF:0
BRH:0
end_of_record
TN:
SF:src\hooks\useKeyboard.ts
FN:3,(anonymous_0)
FN:8,(anonymous_1)
FN:9,(anonymous_2)
FN:16,(anonymous_3)
FNF:4
FNH:4
FNDA:35,(anonymous_0)
FNDA:32,(anonymous_1)
FNDA:28,(anonymous_2)
FNDA:32,(anonymous_3)
DA:1,1
DA:3,1
DA:8,35
DA:9,32
DA:10,28
DA:11,2
DA:15,32
DA:16,32
LF:8
LH:8
BRDA:10,0,0,2
BRDA:10,0,1,26
BRF:2
BRH:2
end_of_record
TN:
SF:src\redux\store.ts
FN:17,(anonymous_1)
FN:19,(anonymous_2)
FNF:2
FNH:2
FNDA:137,(anonymous_1)
FNDA:144,(anonymous_2)
DA:1,3
DA:2,3
DA:7,3
DA:9,3
DA:13,3
DA:17,137
DA:19,3
DA:20,144
LF:8
LH:8
BRF:0
BRH:0
end_of_record
TN:
SF:src\redux\slices\thunks.ts
FNF:0
FNH:0
DA:1,3
DA:3,3
DA:4,3
DA:5,3
DA:6,3
DA:8,3
DA:10,3
DA:12,3
DA:14,3
LF:9
LH:9
BRF:0
BRH:0
end_of_record
TN:
SF:src\redux\slices\toDoSlice.ts
FN:38,(anonymous_0)
FN:42,(anonymous_1)
FN:44,(anonymous_2)
FN:48,(anonymous_3)
FN:51,(anonymous_4)
FN:55,(anonymous_5)
FN:56,(anonymous_6)
FN:65,(anonymous_7)
FN:68,(anonymous_8)
FN:71,(anonymous_9)
FN:73,(anonymous_10)
FN:76,(anonymous_11)
FN:78,(anonymous_12)
FN:81,(anonymous_13)
FN:84,(anonymous_14)
FN:86,(anonymous_15)
FN:89,(anonymous_16)
FN:94,(anonymous_17)
FN:97,(anonymous_18)
FNF:19
FNH:16
FNDA:4,(anonymous_0)
FNDA:3,(anonymous_1)
FNDA:0,(anonymous_2)
FNDA:0,(anonymous_3)
FNDA:0,(anonymous_4)
FNDA:4,(anonymous_5)
FNDA:4,(anonymous_6)
FNDA:4,(anonymous_7)
FNDA:6,(anonymous_8)
FNDA:2,(anonymous_9)
FNDA:2,(anonymous_10)
FNDA:1,(anonymous_11)
FNDA:1,(anonymous_12)
FNDA:2,(anonymous_13)
FNDA:1,(anonymous_14)
FNDA:1,(anonymous_15)
FNDA:1,(anonymous_16)
FNDA:2,(anonymous_17)
FNDA:1,(anonymous_18)
DA:1,3
DA:4,3
DA:20,3
DA:34,3
DA:39,4
DA:43,3
DA:45,0
DA:46,0
DA:49,0
DA:52,0
DA:53,0
DA:56,4
DA:57,4
DA:60,4
DA:61,4
DA:62,4
DA:64,4
DA:65,4
DA:69,6
DA:72,2
DA:73,2
DA:77,1
DA:78,1
DA:82,2
DA:85,1
DA:86,1
DA:90,1
DA:91,1
DA:92,1
DA:95,2
DA:98,1
DA:103,3
DA:105,3
LF:33
LH:28
BRDA:60,0,0,4
BRDA:60,0,1,0
BRF:2
BRH:1
end_of_record
TN:
SF:src\test-support\getAllProviders.tsx
FN:11,(anonymous_0)
FN:18,(anonymous_1)
FN:23,(anonymous_2)
FNF:3
FNH:3
FNDA:15,(anonymous_0)
FNDA:15,(anonymous_1)
FNDA:15,(anonymous_2)
DA:1,2
DA:3,2
DA:5,2
DA:11,2
DA:12,15
DA:18,2
DA:21,15
DA:23,15
DA:24,15
LF:9
LH:9
BRF:0
BRH:0
end_of_record
TN:
SF:src\test-support\test-utils.ts
FN:11,(anonymous_0)
FNF:1
FNH:1
FNDA:15,(anonymous_0)
DA:1,2
DA:5,2
DA:11,2
DA:12,15
DA:16,2
LF:5
LH:5
BRDA:11,0,0,4
BRDA:13,1,0,15
BRDA:13,1,1,4
BRF:3
BRH:3
end_of_record
TN:
SF:src\test-support\page-objects\new.task.ts
FN:5,(anonymous_1)
FN:10,(anonymous_2)
FN:14,(anonymous_3)
FN:18,(anonymous_4)
FN:24,(anonymous_5)
FN:30,(anonymous_6)
FN:34,(anonymous_7)
FN:38,(anonymous_8)
FN:42,(anonymous_9)
FN:46,(anonymous_10)
FNF:10
FNH:10
FNDA:3,(anonymous_1)
FNDA:3,(anonymous_2)
FNDA:2,(anonymous_3)
FNDA:2,(anonymous_4)
FNDA:1,(anonymous_5)
FNDA:3,(anonymous_6)
FNDA:2,(anonymous_7)
FNDA:2,(anonymous_8)
FNDA:1,(anonymous_9)
FNDA:3,(anonymous_10)
DA:2,1
DA:4,1
DA:6,3
DA:11,3
DA:15,2
DA:19,2
DA:25,1
DA:31,3
DA:35,2
DA:39,2
DA:43,1
DA:46,3
LF:12
LH:12
BRF:0
BRH:0
end_of_record
TN:
SF:src\test-support\page-objects\task.ts
FN:6,(anonymous_1)
FN:10,(anonymous_2)
FN:14,(anonymous_3)
FN:18,(anonymous_4)
FN:22,(anonymous_5)
FN:26,(anonymous_6)
FN:30,(anonymous_7)
FN:34,(anonymous_8)
FN:38,(anonymous_9)
FN:42,(anonymous_10)
FN:46,(anonymous_11)
FN:50,(anonymous_12)
FN:54,(anonymous_13)
FN:58,(anonymous_14)
FN:62,(anonymous_15)
FN:66,(anonymous_16)
FNF:16
FNH:16
FNDA:2,(anonymous_1)
FNDA:1,(anonymous_2)
FNDA:2,(anonymous_3)
FNDA:8,(anonymous_4)
FNDA:3,(anonymous_5)
FNDA:1,(anonymous_6)
FNDA:2,(anonymous_7)
FNDA:1,(anonymous_8)
FNDA:3,(anonymous_9)
FNDA:6,(anonymous_10)
FNDA:3,(anonymous_11)
FNDA:4,(anonymous_12)
FNDA:1,(anonymous_13)
FNDA:2,(anonymous_14)
FNDA:2,(anonymous_15)
FNDA:12,(anonymous_16)
DA:1,1
DA:5,1
DA:7,2
DA:11,1
DA:15,2
DA:19,8
DA:23,3
DA:27,1
DA:31,2
DA:35,1
DA:39,3
DA:43,6
DA:47,3
DA:51,4
DA:55,1
DA:59,2
DA:63,2
DA:66,12
LF:18
LH:18
BRF:0
BRH:0
end_of_record
